#
# A fatal error has been detected by the Java Runtime Environment:
#
#  SIGSEGV (0xb) at pc=0x00007f05a61c6ec0, pid=3408, tid=139662283429632
#
# JRE version: 6.0_27-b27
# Java VM: OpenJDK 64-Bit Server VM (20.0-b12 mixed mode linux-amd64 compressed oops)
# Derivative: IcedTea6 1.12.6
# Distribution: Ubuntu 12.04 LTS, package 6b27-1.12.6-1ubuntu0.12.04.2
# Problematic frame:
# C  [_jpype.so+0x2aec0]  JPJavaEnv::GetEnv(JNIEnv_**)+0x0
#
# If you would like to submit a bug report, please include
# instructions how to reproduce the bug and visit:
#   https://bugs.launchpad.net/ubuntu/+source/openjdk-6/
# The crash happened outside the Java Virtual Machine in native code.
# See problematic frame for where to report the bug.
#

---------------  T H R E A D  ---------------

Current thread (0x0000000001f9d000):  JavaThread "main" [_thread_in_native, id=3408, stack(0x00007fff49fd6000,0x00007fff4a0d6000)]

siginfo:si_signo=SIGSEGV: si_errno=0, si_code=1 (SEGV_MAPERR), si_addr=0x0000000000000008

Registers:
RAX=0x00007f05a64286c0, RBX=0x000000000209b760, RCX=0x3682d0f246257b48, RDX=0x0000000000000000
RSP=0x00007fff4a0d33f8, RBP=0x0000000001f9f1a0, RSI=0x00007fff4a0d3408, RDI=0x0000000000000000
R8 =0x0000000000000000, R9 =0x00007f05a8c6d030, R10=0x0000000000000000, R11=0x00007f05a76ffc10
R12=0x0000000000000000, R13=0x0000000000577280, R14=0x0000000000000000, R15=0x00007f05a8c6de10
RIP=0x00007f05a61c6ec0, EFLAGS=0x0000000000010206, CSGSFS=0x0000000000000033, ERR=0x0000000000000004
  TRAPNO=0x000000000000000e

Top of Stack: (sp=0x00007fff4a0d33f8)
0x00007fff4a0d33f8:   00007f05a61c6efe 00007f05a8bb3bb0
0x00007fff4a0d3408:   00007f05a8c6c050 00007f05a8b60578
0x00007fff4a0d3418:   00007f05a61c7179 00000000020af160
0x00007fff4a0d3428:   00007f05a61e2405 00000000020af160
0x00007fff4a0d3438:   00007f05a61e2439 0000000001f4a710
0x00007fff4a0d3448:   000000000057a00c 0000000001f9f280
0x00007fff4a0d3458:   000000000054878d 0000000001f59950
0x00007fff4a0d3468:   0000000001f59960 000000000087fa40
0x00007fff4a0d3478:   000000000045d198 0000000001ef7050
0x00007fff4a0d3488:   0000000001f42cf8 00007f05a8c6de10
0x00007fff4a0d3498:   0000000001f2d798 0000000001f2d6d0
0x00007fff4a0d34a8:   0000000000000000 0000000001f54c30
0x00007fff4a0d34b8:   0000000001f5d128 00007f05a8c6de10
0x00007fff4a0d34c8:   000000000054878d 0000000001f42cf8
0x00007fff4a0d34d8:   0000000000000000 0000000000877000
0x00007fff4a0d34e8:   0000000000458d13 0000000001f57cf8
0x00007fff4a0d34f8:   00000000020bf2a0 0000000001f9ec00
0x00007fff4a0d3508:   0000000000000005 0000000000577280
0x00007fff4a0d3518:   0000000000000000 0000000001bf17a4
0x00007fff4a0d3528:   000000000054878d 0000000001f59990
0x00007fff4a0d3538:   0000000001f599a0 000000000087fa40
0x00007fff4a0d3548:   000000000045d198 0000000000880fa0
0x00007fff4a0d3558:   000000000054e79d 0000000001f5d0e0
0x00007fff4a0d3568:   0000000000880fa0 0000000001f95190
0x00007fff4a0d3578:   0000000001bf17e9 0000000001f94f70
0x00007fff4a0d3588:   0000000001f95168 0000000001bf17a4
0x00007fff4a0d3598:   000000000048ad95 0000000001f92a80
0x00007fff4a0d35a8:   00000000ffffffff 0000000001f93f18
0x00007fff4a0d35b8:   000000000054effe 0000000000000000
0x00007fff4a0d35c8:   0000000001b090a0 0000000000000002
0x00007fff4a0d35d8:   0000000000000290 e7f55f726886c890
0x00007fff4a0d35e8:   0000003900000027 0000000000000000 

Instructions: (pc=0x00007f05a61c6ec0)
0x00007f05a61c6ea0:   c0 5b c3 90 66 66 66 2e 0f 1f 84 00 00 00 00 00
0x00007f05a61c6eb0:   48 8b 7f 08 48 8b 07 48 8b 40 28 ff e0 90 66 90
0x00007f05a61c6ec0:   48 8b 7f 08 48 85 ff 74 17 48 8b 07 ba 02 00 01
0x00007f05a61c6ed0:   00 48 8b 40 30 ff e0 66 0f 1f 84 00 00 00 00 00 

Register to memory mapping:

RAX=0x00007f05a64286c0: _ZN5JPEnv6s_JavaE+0 in /usr/local/lib/python2.7/dist-packages/_jpype.so at 0x00007f05a619c000
RBX=0x000000000209b760 is a global jni handle
RCX=0x3682d0f246257b48 is an unknown value
RDX=0x0000000000000000 is an unknown value
RSP=0x00007fff4a0d33f8 is pointing into the stack for thread: 0x0000000001f9d000
RBP=0x0000000001f9f1a0 is an unknown value
RSI=0x00007fff4a0d3408 is pointing into the stack for thread: 0x0000000001f9d000
RDI=0x0000000000000000 is an unknown value
R8 =0x0000000000000000 is an unknown value
R9 =0x00007f05a8c6d030 is an unknown value
R10=0x0000000000000000 is an unknown value
R11=0x00007f05a76ffc10: <offset 0x183c10> in /lib/x86_64-linux-gnu/libc.so.6 at 0x00007f05a757c000
R12=0x0000000000000000 is an unknown value
R13=0x0000000000577280: <offset 0x177280> in python at 0x0000000000400000
R14=0x0000000000000000 is an unknown value
R15=0x00007f05a8c6de10 is an unknown value


Stack: [0x00007fff49fd6000,0x00007fff4a0d6000],  sp=0x00007fff4a0d33f8,  free space=1012k
Native frames: (J=compiled Java code, j=interpreted, Vv=VM code, C=native code)
C  [_jpype.so+0x2aec0]  JPJavaEnv::GetEnv(JNIEnv_**)+0x0


---------------  P R O C E S S  ---------------

Java Threads: ( => current thread )
  0x00000000020a0000 JavaThread "Thread-0" [_thread_blocked, id=3421, stack(0x00007f059b5f6000,0x00007f059b6f7000)]
  0x0000000002089000 JavaThread "Low Memory Detector" daemon [_thread_blocked, id=3419, stack(0x00007f059b7f8000,0x00007f059b8f9000)]
  0x0000000002087000 JavaThread "C2 CompilerThread1" daemon [_thread_blocked, id=3418, stack(0x00007f059b8f9000,0x00007f059b9fa000)]
  0x0000000002082000 JavaThread "C2 CompilerThread0" daemon [_thread_blocked, id=3417, stack(0x00007f059b9fa000,0x00007f059bafb000)]
  0x0000000002080800 JavaThread "Signal Dispatcher" daemon [_thread_blocked, id=3416, stack(0x00007f059bafb000,0x00007f059bbfc000)]
  0x0000000002062800 JavaThread "Finalizer" daemon [_thread_blocked, id=3415, stack(0x00007f059bbfc000,0x00007f059bcfd000)]
  0x0000000002060800 JavaThread "Reference Handler" daemon [_thread_blocked, id=3414, stack(0x00007f059bcfd000,0x00007f059bdfe000)]
=>0x0000000001f9d000 JavaThread "main" [_thread_in_native, id=3408, stack(0x00007fff49fd6000,0x00007fff4a0d6000)]

Other Threads:
  0x000000000205c000 VMThread [stack: 0x00007f059bdfe000,0x00007f059beff000] [id=3413]
  0x000000000208b800 WatcherThread [stack: 0x00007f059b6f7000,0x00007f059b7f8000] [id=3420]

VM state:not at safepoint (normal execution)

VM Mutex/Monitor currently owned by a thread: None

Heap
 PSYoungGen      total 36736K, used 631K [0x00000007d70b0000, 0x00000007d99a0000, 0x0000000800000000)
  eden space 31552K, 2% used [0x00000007d70b0000,0x00000007d714dc38,0x00000007d8f80000)
  from space 5184K, 0% used [0x00000007d9490000,0x00000007d9490000,0x00000007d99a0000)
  to   space 5184K, 0% used [0x00000007d8f80000,0x00000007d8f80000,0x00000007d9490000)
 PSOldGen        total 83840K, used 0K [0x0000000785200000, 0x000000078a3e0000, 0x00000007d70b0000)
  object space 83840K, 0% used [0x0000000785200000,0x0000000785200000,0x000000078a3e0000)
 PSPermGen       total 21248K, used 2958K [0x000000077ac00000, 0x000000077c0c0000, 0x0000000785200000)
  object space 21248K, 13% used [0x000000077ac00000,0x000000077aee3948,0x000000077c0c0000)

Code Cache  [0x00007f05a124c000, 0x00007f05a14bc000, 0x00007f05a424c000)
 total_blobs=152 nmethods=0 adapters=120 free_code_cache=49952640 largest_free_block=0

Dynamic libraries:
00400000-00670000 r-xp 00000000 08:01 15992556                           /usr/bin/python2.7
00870000-00871000 r--p 00270000 08:01 15992556                           /usr/bin/python2.7
00871000-008da000 rw-p 00271000 08:01 15992556                           /usr/bin/python2.7
008da000-008ec000 rw-p 00000000 00:00 0 
01b09000-020c6000 rw-p 00000000 00:00 0                                  [heap]
77ac00000-77c0c0000 rw-p 00000000 00:00 0 
77c0c0000-785200000 rw-p 00000000 00:00 0 
785200000-78a3e0000 rw-p 00000000 00:00 0 
78a3e0000-7d70b0000 rw-p 00000000 00:00 0 
7d70b0000-7d99a0000 rw-p 00000000 00:00 0 
7d99a0000-800000000 rw-p 00000000 00:00 0 
7f055c000000-7f055c021000 rw-p 00000000 00:00 0 
7f055c021000-7f0560000000 ---p 00000000 00:00 0 
7f0564000000-7f0564021000 rw-p 00000000 00:00 0 
7f0564021000-7f0568000000 ---p 00000000 00:00 0 
7f0568000000-7f0568021000 rw-p 00000000 00:00 0 
7f0568021000-7f056c000000 ---p 00000000 00:00 0 
7f056c000000-7f056c021000 rw-p 00000000 00:00 0 
7f056c021000-7f0570000000 ---p 00000000 00:00 0 
7f0570000000-7f0570021000 rw-p 00000000 00:00 0 
7f0570021000-7f0574000000 ---p 00000000 00:00 0 
7f0574000000-7f0574021000 rw-p 00000000 00:00 0 
7f0574021000-7f0578000000 ---p 00000000 00:00 0 
7f0578000000-7f0578021000 rw-p 00000000 00:00 0 
7f0578021000-7f057c000000 ---p 00000000 00:00 0 
7f057c000000-7f057c021000 rw-p 00000000 00:00 0 
7f057c021000-7f0580000000 ---p 00000000 00:00 0 
7f0580000000-7f0580021000 rw-p 00000000 00:00 0 
7f0580021000-7f0584000000 ---p 00000000 00:00 0 
7f0584000000-7f0584021000 rw-p 00000000 00:00 0 
7f0584021000-7f0588000000 ---p 00000000 00:00 0 
7f058c000000-7f058c021000 rw-p 00000000 00:00 0 
7f058c021000-7f0590000000 ---p 00000000 00:00 0 
7f0594000000-7f0594021000 rw-p 00000000 00:00 0 
7f0594021000-7f0598000000 ---p 00000000 00:00 0 
7f059b5f6000-7f059b5f9000 ---p 00000000 00:00 0 
7f059b5f9000-7f059b6f7000 rw-p 00000000 00:00 0                          [stack:3421]
7f059b6f7000-7f059b6f8000 ---p 00000000 00:00 0 
7f059b6f8000-7f059b7f8000 rw-p 00000000 00:00 0                          [stack:3420]
7f059b7f8000-7f059b7fb000 ---p 00000000 00:00 0 
7f059b7fb000-7f059b8f9000 rw-p 00000000 00:00 0                          [stack:3419]
7f059b8f9000-7f059b8fc000 ---p 00000000 00:00 0 
7f059b8fc000-7f059b9fa000 rw-p 00000000 00:00 0                          [stack:3418]
7f059b9fa000-7f059b9fd000 ---p 00000000 00:00 0 
7f059b9fd000-7f059bafb000 rw-p 00000000 00:00 0                          [stack:3417]
7f059bafb000-7f059bafe000 ---p 00000000 00:00 0 
7f059bafe000-7f059bbfc000 rw-p 00000000 00:00 0                          [stack:3416]
7f059bbfc000-7f059bbff000 ---p 00000000 00:00 0 
7f059bbff000-7f059bcfd000 rw-p 00000000 00:00 0                          [stack:3415]
7f059bcfd000-7f059bd00000 ---p 00000000 00:00 0 
7f059bd00000-7f059bdfe000 rw-p 00000000 00:00 0                          [stack:3414]
7f059bdfe000-7f059bdff000 ---p 00000000 00:00 0 
7f059bdff000-7f059c000000 rw-p 00000000 00:00 0                          [stack:3413]
7f059c000000-7f059c021000 rw-p 00000000 00:00 0 
7f059c021000-7f05a0000000 ---p 00000000 00:00 0 
7f05a00e2000-7f05a04e6000 rw-p 00000000 00:00 0 
7f05a04e6000-7f05a067a000 r--s 03807000 08:01 17962120                   /usr/lib/jvm/java-6-openjdk-amd64/jre/lib/rt.jar
7f05a067a000-7f05a067b000 ---p 00000000 00:00 0 
7f05a067b000-7f05a077b000 rw-p 00000000 00:00 0                          [stack:3412]
7f05a077b000-7f05a077c000 ---p 00000000 00:00 0 
7f05a077c000-7f05a087c000 rw-p 00000000 00:00 0                          [stack:3411]
7f05a087c000-7f05a087d000 ---p 00000000 00:00 0 
7f05a087d000-7f05a097d000 rw-p 00000000 00:00 0                          [stack:3410]
7f05a097d000-7f05a097e000 ---p 00000000 00:00 0 
7f05a097e000-7f05a0a89000 rw-p 00000000 00:00 0                          [stack:3409]
7f05a0a89000-7f05a0ad1000 rw-p 00000000 00:00 0 
7f05a0ad1000-7f05a0afa000 rw-p 00000000 00:00 0 
7f05a0afa000-7f05a0d61000 rw-p 00000000 00:00 0 
7f05a0d61000-7f05a0d6c000 rw-p 00000000 00:00 0 
7f05a0d6c000-7f05a0db4000 rw-p 00000000 00:00 0 
7f05a0db4000-7f05a0ddd000 rw-p 00000000 00:00 0 
7f05a0ddd000-7f05a1043000 rw-p 00000000 00:00 0 
7f05a1043000-7f05a1058000 rw-p 00000000 00:00 0 
7f05a1058000-7f05a118b000 rw-p 00000000 00:00 0 
7f05a118b000-7f05a1196000 rw-p 00000000 00:00 0 
7f05a1196000-7f05a124c000 rw-p 00000000 00:00 0 
7f05a124c000-7f05a14bc000 rwxp 00000000 00:00 0 
7f05a14bc000-7f05a424c000 rw-p 00000000 00:00 0 
7f05a424c000-7f05a4253000 r-xp 00000000 08:01 18483253                   /usr/lib/jvm/java-6-openjdk-amd64/jre/lib/amd64/libzip.so
7f05a4253000-7f05a4452000 ---p 00007000 08:01 18483253                   /usr/lib/jvm/java-6-openjdk-amd64/jre/lib/amd64/libzip.so
7f05a4452000-7f05a4453000 r--p 00006000 08:01 18483253                   /usr/lib/jvm/java-6-openjdk-amd64/jre/lib/amd64/libzip.so
7f05a4453000-7f05a4454000 rw-p 00007000 08:01 18483253                   /usr/lib/jvm/java-6-openjdk-amd64/jre/lib/amd64/libzip.so
7f05a4454000-7f05a4460000 r-xp 00000000 08:01 26738730                   /lib/x86_64-linux-gnu/libnss_files-2.15.so
7f05a4460000-7f05a465f000 ---p 0000c000 08:01 26738730                   /lib/x86_64-linux-gnu/libnss_files-2.15.so
7f05a465f000-7f05a4660000 r--p 0000b000 08:01 26738730                   /lib/x86_64-linux-gnu/libnss_files-2.15.so
7f05a4660000-7f05a4661000 rw-p 0000c000 08:01 26738730                   /lib/x86_64-linux-gnu/libnss_files-2.15.so
7f05a4661000-7f05a466b000 r-xp 00000000 08:01 26738761                   /lib/x86_64-linux-gnu/libnss_nis-2.15.so
7f05a466b000-7f05a486b000 ---p 0000a000 08:01 26738761                   /lib/x86_64-linux-gnu/libnss_nis-2.15.so
7f05a486b000-7f05a486c000 r--p 0000a000 08:01 26738761                   /lib/x86_64-linux-gnu/libnss_nis-2.15.so
7f05a486c000-7f05a486d000 rw-p 0000b000 08:01 26738761                   /lib/x86_64-linux-gnu/libnss_nis-2.15.so
7f05a486d000-7f05a4884000 r-xp 00000000 08:01 26742379                   /lib/x86_64-linux-gnu/libnsl-2.15.so
7f05a4884000-7f05a4a83000 ---p 00017000 08:01 26742379                   /lib/x86_64-linux-gnu/libnsl-2.15.so
7f05a4a83000-7f05a4a84000 r--p 00016000 08:01 26742379                   /lib/x86_64-linux-gnu/libnsl-2.15.so
7f05a4a84000-7f05a4a85000 rw-p 00017000 08:01 26742379                   /lib/x86_64-linux-gnu/libnsl-2.15.so
7f05a4a85000-7f05a4a87000 rw-p 00000000 00:00 0 
7f05a4a87000-7f05a4a8f000 r-xp 00000000 08:01 26738728                   /lib/x86_64-linux-gnu/libnss_compat-2.15.so
7f05a4a8f000-7f05a4c8e000 ---p 00008000 08:01 26738728                   /lib/x86_64-linux-gnu/libnss_compat-2.15.so
7f05a4c8e000-7f05a4c8f000 r--p 00007000 08:01 26738728                   /lib/x86_64-linux-gnu/libnss_compat-2.15.so
7f05a4c8f000-7f05a4c90000 rw-p 00008000 08:01 26738728                   /lib/x86_64-linux-gnu/libnss_compat-2.15.so
7f05a4c90000-7f05a4cbc000 r-xp 00000000 08:01 18483252                   /usr/lib/jvm/java-6-openjdk-amd64/jre/lib/amd64/libjava.so
7f05a4cbc000-7f05a4ebb000 ---p 0002c000 08:01 18483252                   /usr/lib/jvm/java-6-openjdk-amd64/jre/lib/amd64/libjava.so
7f05a4ebb000-7f05a4ebc000 r--p 0002b000 08:01 18483252                   /usr/lib/jvm/java-6-openjdk-amd64/jre/lib/amd64/libjava.so
7f05a4ebc000-7f05a4ebf000 rw-p 0002c000 08:01 18483252                   /usr/lib/jvm/java-6-openjdk-amd64/jre/lib/amd64/libjava.so
7f05a4ebf000-7f05a4ecd000 r-xp 00000000 08:01 18483277                   /usr/lib/jvm/java-6-openjdk-amd64/jre/lib/amd64/libverify.so
7f05a4ecd000-7f05a50cc000 ---p 0000e000 08:01 18483277                   /usr/lib/jvm/java-6-openjdk-amd64/jre/lib/amd64/libverify.so
7f05a50cc000-7f05a50ce000 r--p 0000d000 08:01 18483277                   /usr/lib/jvm/java-6-openjdk-amd64/jre/lib/amd64/libverify.so
7f05a50ce000-7f05a50cf000 rw-p 0000f000 08:01 18483277                   /usr/lib/jvm/java-6-openjdk-amd64/jre/lib/amd64/libverify.so
7f05a50cf000-7f05a50d6000 r-xp 00000000 08:01 26738760                   /lib/x86_64-linux-gnu/librt-2.15.so
7f05a50d6000-7f05a52d5000 ---p 00007000 08:01 26738760                   /lib/x86_64-linux-gnu/librt-2.15.so
7f05a52d5000-7f05a52d6000 r--p 00006000 08:01 26738760                   /lib/x86_64-linux-gnu/librt-2.15.so
7f05a52d6000-7f05a52d7000 rw-p 00007000 08:01 26738760                   /lib/x86_64-linux-gnu/librt-2.15.so
7f05a52d7000-7f05a5bd7000 r-xp 00000000 08:01 18483267                   /usr/lib/jvm/java-6-openjdk-amd64/jre/lib/amd64/server/libjvm.so
7f05a5bd7000-7f05a5dd7000 ---p 00900000 08:01 18483267                   /usr/lib/jvm/java-6-openjdk-amd64/jre/lib/amd64/server/libjvm.so
7f05a5dd7000-7f05a5e58000 r--p 00900000 08:01 18483267                   /usr/lib/jvm/java-6-openjdk-amd64/jre/lib/amd64/server/libjvm.so
7f05a5e58000-7f05a5e73000 rw-p 00981000 08:01 18483267                   /usr/lib/jvm/java-6-openjdk-amd64/jre/lib/amd64/server/libjvm.so
7f05a5e73000-7f05a5e9c000 rw-p 00000000 00:00 0 
7f05a5e9c000-7f05a5f7e000 r-xp 00000000 08:01 15998438                   /usr/lib/x86_64-linux-gnu/libstdc++.so.6.0.16
7f05a5f7e000-7f05a617d000 ---p 000e2000 08:01 15998438                   /usr/lib/x86_64-linux-gnu/libstdc++.so.6.0.16
7f05a617d000-7f05a6185000 r--p 000e1000 08:01 15998438                   /usr/lib/x86_64-linux-gnu/libstdc++.so.6.0.16
7f05a6185000-7f05a6187000 rw-p 000e9000 08:01 15998438                   /usr/lib/x86_64-linux-gnu/libstdc++.so.6.0.16
7f05a6187000-7f05a619c000 rw-p 00000000 00:00 0 
7f05a619c000-7f05a6224000 r-xp 00000000 08:01 16254111                   /usr/local/lib/python2.7/dist-packages/_jpype.so
7f05a6224000-7f05a6423000 ---p 00088000 08:01 16254111                   /usr/local/lib/python2.7/dist-packages/_jpype.so
7f05a6423000-7f05a6426000 r--p 00087000 08:01 16254111                   /usr/local/lib/python2.7/dist-packages/_jpype.so
7f05a6426000-7f05a6429000 rw-p 0008a000 08:01 16254111                   /usr/local/lib/python2.7/dist-packages/_jpype.so
7f05a6429000-7f05a66f2000 rw-p 00000000 00:00 0 
7f05a66f2000-7f05a66f5000 r-xp 00000000 08:01 16122711                   /usr/lib/python2.7/lib-dynload/_heapq.so
7f05a66f5000-7f05a68f4000 ---p 00003000 08:01 16122711                   /usr/lib/python2.7/lib-dynload/_heapq.so
7f05a68f4000-7f05a68f5000 r--p 00002000 08:01 16122711                   /usr/lib/python2.7/lib-dynload/_heapq.so
7f05a68f5000-7f05a68f7000 rw-p 00003000 08:01 16122711                   /usr/lib/python2.7/lib-dynload/_heapq.so
7f05a68f7000-7f05a6938000 rw-p 00000000 00:00 0 
7f05a6938000-7f05a694c000 r-xp 00000000 08:01 16122696                   /usr/lib/python2.7/lib-dynload/datetime.so
7f05a694c000-7f05a6b4b000 ---p 00014000 08:01 16122696                   /usr/lib/python2.7/lib-dynload/datetime.so
7f05a6b4b000-7f05a6b4c000 r--p 00013000 08:01 16122696                   /usr/lib/python2.7/lib-dynload/datetime.so
7f05a6b4c000-7f05a6b50000 rw-p 00014000 08:01 16122696                   /usr/lib/python2.7/lib-dynload/datetime.so
7f05a6b50000-7f05a7366000 r--p 00000000 08:01 15997183                   /usr/lib/locale/locale-archive
7f05a7366000-7f05a737b000 r-xp 00000000 08:01 26742278                   /lib/x86_64-linux-gnu/libgcc_s.so.1
7f05a737b000-7f05a757a000 ---p 00015000 08:01 26742278                   /lib/x86_64-linux-gnu/libgcc_s.so.1
7f05a757a000-7f05a757b000 r--p 00014000 08:01 26742278                   /lib/x86_64-linux-gnu/libgcc_s.so.1
7f05a757b000-7f05a757c000 rw-p 00015000 08:01 26742278                   /lib/x86_64-linux-gnu/libgcc_s.so.1
7f05a757c000-7f05a7731000 r-xp 00000000 08:01 26738726                   /lib/x86_64-linux-gnu/libc-2.15.so
7f05a7731000-7f05a7931000 ---p 001b5000 08:01 26738726                   /lib/x86_64-linux-gnu/libc-2.15.so
7f05a7931000-7f05a7935000 r--p 001b5000 08:01 26738726                   /lib/x86_64-linux-gnu/libc-2.15.so
7f05a7935000-7f05a7937000 rw-p 001b9000 08:01 26738726                   /lib/x86_64-linux-gnu/libc-2.15.so
7f05a7937000-7f05a793c000 rw-p 00000000 00:00 0 
7f05a793c000-7f05a7a37000 r-xp 00000000 08:01 26742370                   /lib/x86_64-linux-gnu/libm-2.15.so
7f05a7a37000-7f05a7c36000 ---p 000fb000 08:01 26742370                   /lib/x86_64-linux-gnu/libm-2.15.so
7f05a7c36000-7f05a7c37000 r--p 000fa000 08:01 26742370                   /lib/x86_64-linux-gnu/libm-2.15.so
7f05a7c37000-7f05a7c38000 rw-p 000fb000 08:01 26742370                   /lib/x86_64-linux-gnu/libm-2.15.so
7f05a7c38000-7f05a7c4e000 r-xp 00000000 08:01 26742368                   /lib/x86_64-linux-gnu/libz.so.1.2.3.4
7f05a7c4e000-7f05a7e4d000 ---p 00016000 08:01 26742368                   /lib/x86_64-linux-gnu/libz.so.1.2.3.4
7f05a7e4d000-7f05a7e4e000 r--p 00015000 08:01 26742368                   /lib/x86_64-linux-gnu/libz.so.1.2.3.4
7f05a7e4e000-7f05a7e4f000 rw-p 00016000 08:01 26742368                   /lib/x86_64-linux-gnu/libz.so.1.2.3.4
7f05a7e4f000-7f05a8000000 r-xp 00000000 08:01 26738747                   /lib/x86_64-linux-gnu/libcrypto.so.1.0.0
7f05a8000000-7f05a8200000 ---p 001b1000 08:01 26738747                   /lib/x86_64-linux-gnu/libcrypto.so.1.0.0
7f05a8200000-7f05a821b000 r--p 001b1000 08:01 26738747                   /lib/x86_64-linux-gnu/libcrypto.so.1.0.0
7f05a821b000-7f05a8226000 rw-p 001cc000 08:01 26738747                   /lib/x86_64-linux-gnu/libcrypto.so.1.0.0
7f05a8226000-7f05a822a000 rw-p 00000000 00:00 0 
7f05a822a000-7f05a827e000 r-xp 00000000 08:01 26738748                   /lib/x86_64-linux-gnu/libssl.so.1.0.0
7f05a827e000-7f05a847e000 ---p 00054000 08:01 26738748                   /lib/x86_64-linux-gnu/libssl.so.1.0.0
7f05a847e000-7f05a8481000 r--p 00054000 08:01 26738748                   /lib/x86_64-linux-gnu/libssl.so.1.0.0
7f05a8481000-7f05a8487000 rw-p 00057000 08:01 26738748                   /lib/x86_64-linux-gnu/libssl.so.1.0.0
7f05a8487000-7f05a8488000 rw-p 00000000 00:00 0 
7f05a8488000-7f05a848a000 r-xp 00000000 08:01 26738725                   /lib/x86_64-linux-gnu/libutil-2.15.so
7f05a848a000-7f05a8689000 ---p 00002000 08:01 26738725                   /lib/x86_64-linux-gnu/libutil-2.15.so
7f05a8689000-7f05a868a000 r--p 00001000 08:01 26738725                   /lib/x86_64-linux-gnu/libutil-2.15.so
7f05a868a000-7f05a868b000 rw-p 00002000 08:01 26738725                   /lib/x86_64-linux-gnu/libutil-2.15.so
7f05a868b000-7f05a868d000 r-xp 00000000 08:01 26742374                   /lib/x86_64-linux-gnu/libdl-2.15.so
7f05a868d000-7f05a888d000 ---p 00002000 08:01 26742374                   /lib/x86_64-linux-gnu/libdl-2.15.so
7f05a888d000-7f05a888e000 r--p 00002000 08:01 26742374                   /lib/x86_64-linux-gnu/libdl-2.15.so
7f05a888e000-7f05a888f000 rw-p 00003000 08:01 26742374                   /lib/x86_64-linux-gnu/libdl-2.15.so
7f05a888f000-7f05a88a7000 r-xp 00000000 08:01 26742188                   /lib/x86_64-linux-gnu/libpthread-2.15.so
7f05a88a7000-7f05a8aa6000 ---p 00018000 08:01 26742188                   /lib/x86_64-linux-gnu/libpthread-2.15.so
7f05a8aa6000-7f05a8aa7000 r--p 00017000 08:01 26742188                   /lib/x86_64-linux-gnu/libpthread-2.15.so
7f05a8aa7000-7f05a8aa8000 rw-p 00018000 08:01 26742188                   /lib/x86_64-linux-gnu/libpthread-2.15.so
7f05a8aa8000-7f05a8aac000 rw-p 00000000 00:00 0 
7f05a8aac000-7f05a8ace000 r-xp 00000000 08:01 26742371                   /lib/x86_64-linux-gnu/ld-2.15.so
7f05a8af5000-7f05a8bf9000 rw-p 00000000 00:00 0 
7f05a8c2a000-7f05a8cb2000 rw-p 00000000 00:00 0 
7f05a8cb3000-7f05a8cb6000 r--s 00077000 08:01 15993232                   /usr/lib/jvm/java-6-openjdk-common/jre/lib/ext/localedata.jar
7f05a8cb6000-7f05a8cba000 r--s 00039000 08:01 15993230                   /usr/lib/jvm/java-6-openjdk-common/jre/lib/ext/sunpkcs11.jar
7f05a8cba000-7f05a8cbd000 r--s 00031000 08:01 15993234                   /usr/lib/jvm/java-6-openjdk-common/jre/lib/ext/sunjce_provider.jar
7f05a8cbd000-7f05a8cbf000 r--s 0000f000 08:01 15993231                   /usr/lib/jvm/java-6-openjdk-common/jre/lib/ext/pulse-java.jar
7f05a8cbf000-7f05a8cc0000 r--s 00007000 08:01 16260293                   /usr/share/java/java-atk-wrapper.jar
7f05a8cc0000-7f05a8cc2000 r--s 00001000 08:01 15993233                   /usr/lib/jvm/java-6-openjdk-common/jre/lib/ext/dnsns.jar
7f05a8cc2000-7f05a8cca000 rw-s 00000000 08:01 5899258                    /tmp/hsperfdata_mfeys/3408
7f05a8cca000-7f05a8ccb000 rw-p 00000000 00:00 0 
7f05a8ccb000-7f05a8ccc000 r--p 00000000 00:00 0 
7f05a8ccc000-7f05a8cce000 rw-p 00000000 00:00 0 
7f05a8cce000-7f05a8ccf000 r--p 00022000 08:01 26742371                   /lib/x86_64-linux-gnu/ld-2.15.so
7f05a8ccf000-7f05a8cd1000 rw-p 00023000 08:01 26742371                   /lib/x86_64-linux-gnu/ld-2.15.so
7fff49fd6000-7fff49fd9000 ---p 00000000 00:00 0 
7fff49fda000-7fff4a0d6000 rw-p 00000000 00:00 0                          [stack]
7fff4a154000-7fff4a156000 r-xp 00000000 00:00 0                          [vdso]
ffffffffff600000-ffffffffff601000 r-xp 00000000 00:00 0                  [vsyscall]

VM Arguments:
jvm_args: -ea 
java_command: <unknown>
Launcher Type: generic

Environment Variables:
PATH=/usr/lib/lightdm/lightdm:/usr/local/sbin:/usr/local/bin:/usr/sbin:/usr/bin:/sbin:/bin:/usr/games:/opt/epd/bin
SHELL=/bin/bash
DISPLAY=:0

Signal Handlers:
SIGSEGV: [libjvm.so+0x7837a0], sa_mask[0]=0x7ffbfeff, sa_flags=0x10000004
SIGBUS: [libjvm.so+0x7837a0], sa_mask[0]=0x7ffbfeff, sa_flags=0x10000004
SIGFPE: [libjvm.so+0x647720], sa_mask[0]=0x7ffbfeff, sa_flags=0x10000004
SIGPIPE: [libjvm.so+0x647720], sa_mask[0]=0x7ffbfeff, sa_flags=0x10000004
SIGXFSZ: [libjvm.so+0x647720], sa_mask[0]=0x7ffbfeff, sa_flags=0x10000004
SIGILL: [libjvm.so+0x647720], sa_mask[0]=0x7ffbfeff, sa_flags=0x10000004
SIGUSR1: SIG_DFL, sa_mask[0]=0x00000000, sa_flags=0x00000000
SIGUSR2: [libjvm.so+0x647900], sa_mask[0]=0x00000000, sa_flags=0x10000004
SIGHUP: [libjvm.so+0x64a2d0], sa_mask[0]=0x7ffbfeff, sa_flags=0x10000004
SIGINT: [libjvm.so+0x64a2d0], sa_mask[0]=0x7ffbfeff, sa_flags=0x10000004
SIGTERM: [libjvm.so+0x64a2d0], sa_mask[0]=0x7ffbfeff, sa_flags=0x10000004
SIGQUIT: [libjvm.so+0x64a2d0], sa_mask[0]=0x7ffbfeff, sa_flags=0x10000004


---------------  S Y S T E M  ---------------

OS:Ubuntu 12.04 (precise)
uname:Linux 3.8.0-33-generic #48~precise1-Ubuntu SMP Thu Oct 24 16:28:06 UTC 2013 x86_64
libc:glibc 2.15 NPTL 2.15 
rlimit: STACK 8192k, CORE 0k, NPROC 62729, NOFILE 4096, AS infinity
load average:1.37 1.61 1.45

/proc/meminfo:
MemTotal:        8048216 kB
MemFree:         2288808 kB
Buffers:          133204 kB
Cached:          4087752 kB
SwapCached:            8 kB
Active:          1598884 kB
Inactive:        3607148 kB
Active(anon):     926424 kB
Inactive(anon):   694872 kB
Active(file):     672460 kB
Inactive(file):  2912276 kB
Unevictable:          80 kB
Mlocked:              80 kB
SwapTotal:       8256508 kB
SwapFree:        8249816 kB
Dirty:              1972 kB
Writeback:             0 kB
AnonPages:        985532 kB
Mapped:           203176 kB
Shmem:            636212 kB
Slab:             430024 kB
SReclaimable:     390664 kB
SUnreclaim:        39360 kB
KernelStack:        3976 kB
PageTables:        32364 kB
NFS_Unstable:          0 kB
Bounce:                0 kB
WritebackTmp:          0 kB
CommitLimit:    12280616 kB
Committed_AS:    4514284 kB
VmallocTotal:   34359738367 kB
VmallocUsed:      361892 kB
VmallocChunk:   34359372500 kB
HardwareCorrupted:     0 kB
AnonHugePages:         0 kB
HugePages_Total:       0
HugePages_Free:        0
HugePages_Rsvd:        0
HugePages_Surp:        0
Hugepagesize:       2048 kB
DirectMap4k:       59392 kB
DirectMap2M:     8220672 kB


CPU:total 4 (2 cores per cpu, 2 threads per core) family 6 model 58 stepping 9, cmov, cx8, fxsr, mmx, sse, sse2, sse3, ssse3, sse4.1, sse4.2, popcnt, ht

Memory: 4k page, physical 8048216k(2288808k free), swap 8256508k(8249816k free)

vm_info: OpenJDK 64-Bit Server VM (20.0-b12) for linux-amd64 JRE (1.6.0_27-b27), built on Jul 17 2013 13:53:24 by "buildd" with gcc 4.6.3

time: Wed Nov 20 16:56:31 2013
elapsed time: 0 seconds

