#
# A fatal error has been detected by the Java Runtime Environment:
#
#  SIGSEGV (0xb) at pc=0x00007f88e702fec0, pid=3377, tid=140226012997376
#
# JRE version: 6.0_27-b27
# Java VM: OpenJDK 64-Bit Server VM (20.0-b12 mixed mode linux-amd64 compressed oops)
# Derivative: IcedTea6 1.12.6
# Distribution: Ubuntu 12.04 LTS, package 6b27-1.12.6-1ubuntu0.12.04.2
# Problematic frame:
# C  [_jpype.so+0x2aec0]  JPJavaEnv::GetEnv(JNIEnv_**)+0x0
#
# If you would like to submit a bug report, please include
# instructions how to reproduce the bug and visit:
#   https://bugs.launchpad.net/ubuntu/+source/openjdk-6/
# The crash happened outside the Java Virtual Machine in native code.
# See problematic frame for where to report the bug.
#

---------------  T H R E A D  ---------------

Current thread (0x0000000002245000):  JavaThread "main" [_thread_in_native, id=3377, stack(0x00007fff9e36d000,0x00007fff9e46d000)]

siginfo:si_signo=SIGSEGV: si_errno=0, si_code=1 (SEGV_MAPERR), si_addr=0x0000000000000008

Registers:
RAX=0x00007f88e72916c0, RBX=0x0000000002343760, RCX=0x3682d0f246257b48, RDX=0x0000000000000000
RSP=0x00007fff9e46a828, RBP=0x00000000022471a0, RSI=0x00007fff9e46a838, RDI=0x0000000000000000
R8 =0x0000000000000000, R9 =0x00007f88e9ad6030, R10=0x0000000000000000, R11=0x00007f88e8568c10
R12=0x0000000000000000, R13=0x0000000000577280, R14=0x0000000000000000, R15=0x00007f88e9ad6e10
RIP=0x00007f88e702fec0, EFLAGS=0x0000000000010206, CSGSFS=0x0000000000000033, ERR=0x0000000000000004
  TRAPNO=0x000000000000000e

Top of Stack: (sp=0x00007fff9e46a828)
0x00007fff9e46a828:   00007f88e702fefe 00007f88e9a1cbb0
0x00007fff9e46a838:   00007f88e9ad5050 00007f88e99c9578
0x00007fff9e46a848:   00007f88e7030179 0000000002357160
0x00007fff9e46a858:   00007f88e704b405 0000000002357160
0x00007fff9e46a868:   00007f88e704b439 00000000021f2710
0x00007fff9e46a878:   000000000057a00c 0000000002247280
0x00007fff9e46a888:   000000000054878d 0000000002201950
0x00007fff9e46a898:   0000000002201960 000000000087fa40
0x00007fff9e46a8a8:   000000000045d198 000000000219f050
0x00007fff9e46a8b8:   00000000021eacf8 00007f88e9ad6e10
0x00007fff9e46a8c8:   00000000021d5798 00000000021d56d0
0x00007fff9e46a8d8:   0000000000000000 00000000021fcc30
0x00007fff9e46a8e8:   0000000002205128 00007f88e9ad6e10
0x00007fff9e46a8f8:   000000000054878d 00000000021eacf8
0x00007fff9e46a908:   0000000000000000 0000000000877000
0x00007fff9e46a918:   0000000000458d13 00000000021ffcf8
0x00007fff9e46a928:   00000000023672a0 0000000002246c00
0x00007fff9e46a938:   0000000000000005 0000000000577280
0x00007fff9e46a948:   0000000000000000 0000000001e997a4
0x00007fff9e46a958:   000000000054878d 0000000002201990
0x00007fff9e46a968:   00000000022019a0 000000000087fa40
0x00007fff9e46a978:   000000000045d198 0000000000880fa0
0x00007fff9e46a988:   000000000054e79d 00000000022050e0
0x00007fff9e46a998:   0000000000880fa0 000000000223d190
0x00007fff9e46a9a8:   0000000001e997e9 000000000223cf70
0x00007fff9e46a9b8:   000000000223d168 0000000001e997a4
0x00007fff9e46a9c8:   000000000048ad95 000000000223aa80
0x00007fff9e46a9d8:   00000000ffffffff 000000000223bf18
0x00007fff9e46a9e8:   000000000054effe 0000000000000000
0x00007fff9e46a9f8:   0000000001db10a0 0000000000000002
0x00007fff9e46aa08:   0000000000000290 e7f55f726886c890
0x00007fff9e46aa18:   0000003900000027 0000000000000000 

Instructions: (pc=0x00007f88e702fec0)
0x00007f88e702fea0:   c0 5b c3 90 66 66 66 2e 0f 1f 84 00 00 00 00 00
0x00007f88e702feb0:   48 8b 7f 08 48 8b 07 48 8b 40 28 ff e0 90 66 90
0x00007f88e702fec0:   48 8b 7f 08 48 85 ff 74 17 48 8b 07 ba 02 00 01
0x00007f88e702fed0:   00 48 8b 40 30 ff e0 66 0f 1f 84 00 00 00 00 00 

Register to memory mapping:

RAX=0x00007f88e72916c0: _ZN5JPEnv6s_JavaE+0 in /usr/local/lib/python2.7/dist-packages/_jpype.so at 0x00007f88e7005000
RBX=0x0000000002343760 is a global jni handle
RCX=0x3682d0f246257b48 is an unknown value
RDX=0x0000000000000000 is an unknown value
RSP=0x00007fff9e46a828 is pointing into the stack for thread: 0x0000000002245000
RBP=0x00000000022471a0 is an unknown value
RSI=0x00007fff9e46a838 is pointing into the stack for thread: 0x0000000002245000
RDI=0x0000000000000000 is an unknown value
R8 =0x0000000000000000 is an unknown value
R9 =0x00007f88e9ad6030 is an unknown value
R10=0x0000000000000000 is an unknown value
R11=0x00007f88e8568c10: <offset 0x183c10> in /lib/x86_64-linux-gnu/libc.so.6 at 0x00007f88e83e5000
R12=0x0000000000000000 is an unknown value
R13=0x0000000000577280: <offset 0x177280> in python at 0x0000000000400000
R14=0x0000000000000000 is an unknown value
R15=0x00007f88e9ad6e10 is an unknown value


Stack: [0x00007fff9e36d000,0x00007fff9e46d000],  sp=0x00007fff9e46a828,  free space=1014k
Native frames: (J=compiled Java code, j=interpreted, Vv=VM code, C=native code)
C  [_jpype.so+0x2aec0]  JPJavaEnv::GetEnv(JNIEnv_**)+0x0


---------------  P R O C E S S  ---------------

Java Threads: ( => current thread )
  0x0000000002348000 JavaThread "Thread-0" [_thread_blocked, id=3390, stack(0x00007f88e0541000,0x00007f88e0642000)]
  0x0000000002331000 JavaThread "Low Memory Detector" daemon [_thread_blocked, id=3388, stack(0x00007f88e0743000,0x00007f88e0844000)]
  0x000000000232f000 JavaThread "C2 CompilerThread1" daemon [_thread_blocked, id=3387, stack(0x00007f88e0844000,0x00007f88e0945000)]
  0x000000000232a000 JavaThread "C2 CompilerThread0" daemon [_thread_blocked, id=3386, stack(0x00007f88e0945000,0x00007f88e0a46000)]
  0x0000000002328800 JavaThread "Signal Dispatcher" daemon [_thread_blocked, id=3385, stack(0x00007f88e0a46000,0x00007f88e0b47000)]
  0x000000000230a800 JavaThread "Finalizer" daemon [_thread_blocked, id=3384, stack(0x00007f88e0b47000,0x00007f88e0c48000)]
  0x0000000002308800 JavaThread "Reference Handler" daemon [_thread_blocked, id=3383, stack(0x00007f88e0c48000,0x00007f88e0d49000)]
=>0x0000000002245000 JavaThread "main" [_thread_in_native, id=3377, stack(0x00007fff9e36d000,0x00007fff9e46d000)]

Other Threads:
  0x0000000002304000 VMThread [stack: 0x00007f88e0d49000,0x00007f88e0e4a000] [id=3382]
  0x0000000002333800 WatcherThread [stack: 0x00007f88e0642000,0x00007f88e0743000] [id=3389]

VM state:not at safepoint (normal execution)

VM Mutex/Monitor currently owned by a thread: None

Heap
 PSYoungGen      total 36736K, used 631K [0x00000007d70b0000, 0x00000007d99a0000, 0x0000000800000000)
  eden space 31552K, 2% used [0x00000007d70b0000,0x00000007d714dc38,0x00000007d8f80000)
  from space 5184K, 0% used [0x00000007d9490000,0x00000007d9490000,0x00000007d99a0000)
  to   space 5184K, 0% used [0x00000007d8f80000,0x00000007d8f80000,0x00000007d9490000)
 PSOldGen        total 83840K, used 0K [0x0000000785200000, 0x000000078a3e0000, 0x00000007d70b0000)
  object space 83840K, 0% used [0x0000000785200000,0x0000000785200000,0x000000078a3e0000)
 PSPermGen       total 21248K, used 2958K [0x000000077ac00000, 0x000000077c0c0000, 0x0000000785200000)
  object space 21248K, 13% used [0x000000077ac00000,0x000000077aee3948,0x000000077c0c0000)

Code Cache  [0x00007f88e20b5000, 0x00007f88e2325000, 0x00007f88e50b5000)
 total_blobs=152 nmethods=0 adapters=120 free_code_cache=49952640 largest_free_block=0

Dynamic libraries:
00400000-00670000 r-xp 00000000 08:01 15992556                           /usr/bin/python2.7
00870000-00871000 r--p 00270000 08:01 15992556                           /usr/bin/python2.7
00871000-008da000 rw-p 00271000 08:01 15992556                           /usr/bin/python2.7
008da000-008ec000 rw-p 00000000 00:00 0 
01db1000-0236e000 rw-p 00000000 00:00 0                                  [heap]
77ac00000-77c0c0000 rw-p 00000000 00:00 0 
77c0c0000-785200000 rw-p 00000000 00:00 0 
785200000-78a3e0000 rw-p 00000000 00:00 0 
78a3e0000-7d70b0000 rw-p 00000000 00:00 0 
7d70b0000-7d99a0000 rw-p 00000000 00:00 0 
7d99a0000-800000000 rw-p 00000000 00:00 0 
7f88a4000000-7f88a4021000 rw-p 00000000 00:00 0 
7f88a4021000-7f88a8000000 ---p 00000000 00:00 0 
7f88ac000000-7f88ac021000 rw-p 00000000 00:00 0 
7f88ac021000-7f88b0000000 ---p 00000000 00:00 0 
7f88b0000000-7f88b0021000 rw-p 00000000 00:00 0 
7f88b0021000-7f88b4000000 ---p 00000000 00:00 0 
7f88b4000000-7f88b4021000 rw-p 00000000 00:00 0 
7f88b4021000-7f88b8000000 ---p 00000000 00:00 0 
7f88b8000000-7f88b8021000 rw-p 00000000 00:00 0 
7f88b8021000-7f88bc000000 ---p 00000000 00:00 0 
7f88bc000000-7f88bc021000 rw-p 00000000 00:00 0 
7f88bc021000-7f88c0000000 ---p 00000000 00:00 0 
7f88c0000000-7f88c0021000 rw-p 00000000 00:00 0 
7f88c0021000-7f88c4000000 ---p 00000000 00:00 0 
7f88c4000000-7f88c4021000 rw-p 00000000 00:00 0 
7f88c4021000-7f88c8000000 ---p 00000000 00:00 0 
7f88c8000000-7f88c8021000 rw-p 00000000 00:00 0 
7f88c8021000-7f88cc000000 ---p 00000000 00:00 0 
7f88cc000000-7f88cc021000 rw-p 00000000 00:00 0 
7f88cc021000-7f88d0000000 ---p 00000000 00:00 0 
7f88d0000000-7f88d0021000 rw-p 00000000 00:00 0 
7f88d0021000-7f88d4000000 ---p 00000000 00:00 0 
7f88d4000000-7f88d4021000 rw-p 00000000 00:00 0 
7f88d4021000-7f88d8000000 ---p 00000000 00:00 0 
7f88dc000000-7f88dc021000 rw-p 00000000 00:00 0 
7f88dc021000-7f88e0000000 ---p 00000000 00:00 0 
7f88e0541000-7f88e0544000 ---p 00000000 00:00 0 
7f88e0544000-7f88e0642000 rw-p 00000000 00:00 0                          [stack:3390]
7f88e0642000-7f88e0643000 ---p 00000000 00:00 0 
7f88e0643000-7f88e0743000 rw-p 00000000 00:00 0                          [stack:3389]
7f88e0743000-7f88e0746000 ---p 00000000 00:00 0 
7f88e0746000-7f88e0844000 rw-p 00000000 00:00 0                          [stack:3388]
7f88e0844000-7f88e0847000 ---p 00000000 00:00 0 
7f88e0847000-7f88e0945000 rw-p 00000000 00:00 0                          [stack:3387]
7f88e0945000-7f88e0948000 ---p 00000000 00:00 0 
7f88e0948000-7f88e0a46000 rw-p 00000000 00:00 0                          [stack:3386]
7f88e0a46000-7f88e0a49000 ---p 00000000 00:00 0 
7f88e0a49000-7f88e0b47000 rw-p 00000000 00:00 0                          [stack:3385]
7f88e0b47000-7f88e0b4a000 ---p 00000000 00:00 0 
7f88e0b4a000-7f88e0c48000 rw-p 00000000 00:00 0                          [stack:3384]
7f88e0c48000-7f88e0c4b000 ---p 00000000 00:00 0 
7f88e0c4b000-7f88e0d49000 rw-p 00000000 00:00 0                          [stack:3383]
7f88e0d49000-7f88e0d4a000 ---p 00000000 00:00 0 
7f88e0d4a000-7f88e134f000 rw-p 00000000 00:00 0                          [stack:3382]
7f88e134f000-7f88e14e3000 r--s 03807000 08:01 17962120                   /usr/lib/jvm/java-6-openjdk-amd64/jre/lib/rt.jar
7f88e14e3000-7f88e14e4000 ---p 00000000 00:00 0 
7f88e14e4000-7f88e15e4000 rw-p 00000000 00:00 0                          [stack:3381]
7f88e15e4000-7f88e15e5000 ---p 00000000 00:00 0 
7f88e15e5000-7f88e16e5000 rw-p 00000000 00:00 0                          [stack:3380]
7f88e16e5000-7f88e16e6000 ---p 00000000 00:00 0 
7f88e16e6000-7f88e17e6000 rw-p 00000000 00:00 0                          [stack:3379]
7f88e17e6000-7f88e17e7000 ---p 00000000 00:00 0 
7f88e17e7000-7f88e18f2000 rw-p 00000000 00:00 0                          [stack:3378]
7f88e18f2000-7f88e193a000 rw-p 00000000 00:00 0 
7f88e193a000-7f88e1963000 rw-p 00000000 00:00 0 
7f88e1963000-7f88e1bca000 rw-p 00000000 00:00 0 
7f88e1bca000-7f88e1bd5000 rw-p 00000000 00:00 0 
7f88e1bd5000-7f88e1c1d000 rw-p 00000000 00:00 0 
7f88e1c1d000-7f88e1c46000 rw-p 00000000 00:00 0 
7f88e1c46000-7f88e1eac000 rw-p 00000000 00:00 0 
7f88e1eac000-7f88e1ec1000 rw-p 00000000 00:00 0 
7f88e1ec1000-7f88e1ff4000 rw-p 00000000 00:00 0 
7f88e1ff4000-7f88e1fff000 rw-p 00000000 00:00 0 
7f88e1fff000-7f88e20b5000 rw-p 00000000 00:00 0 
7f88e20b5000-7f88e2325000 rwxp 00000000 00:00 0 
7f88e2325000-7f88e50b5000 rw-p 00000000 00:00 0 
7f88e50b5000-7f88e50bc000 r-xp 00000000 08:01 18483253                   /usr/lib/jvm/java-6-openjdk-amd64/jre/lib/amd64/libzip.so
7f88e50bc000-7f88e52bb000 ---p 00007000 08:01 18483253                   /usr/lib/jvm/java-6-openjdk-amd64/jre/lib/amd64/libzip.so
7f88e52bb000-7f88e52bc000 r--p 00006000 08:01 18483253                   /usr/lib/jvm/java-6-openjdk-amd64/jre/lib/amd64/libzip.so
7f88e52bc000-7f88e52bd000 rw-p 00007000 08:01 18483253                   /usr/lib/jvm/java-6-openjdk-amd64/jre/lib/amd64/libzip.so
7f88e52bd000-7f88e52c9000 r-xp 00000000 08:01 26738730                   /lib/x86_64-linux-gnu/libnss_files-2.15.so
7f88e52c9000-7f88e54c8000 ---p 0000c000 08:01 26738730                   /lib/x86_64-linux-gnu/libnss_files-2.15.so
7f88e54c8000-7f88e54c9000 r--p 0000b000 08:01 26738730                   /lib/x86_64-linux-gnu/libnss_files-2.15.so
7f88e54c9000-7f88e54ca000 rw-p 0000c000 08:01 26738730                   /lib/x86_64-linux-gnu/libnss_files-2.15.so
7f88e54ca000-7f88e54d4000 r-xp 00000000 08:01 26738761                   /lib/x86_64-linux-gnu/libnss_nis-2.15.so
7f88e54d4000-7f88e56d4000 ---p 0000a000 08:01 26738761                   /lib/x86_64-linux-gnu/libnss_nis-2.15.so
7f88e56d4000-7f88e56d5000 r--p 0000a000 08:01 26738761                   /lib/x86_64-linux-gnu/libnss_nis-2.15.so
7f88e56d5000-7f88e56d6000 rw-p 0000b000 08:01 26738761                   /lib/x86_64-linux-gnu/libnss_nis-2.15.so
7f88e56d6000-7f88e56ed000 r-xp 00000000 08:01 26742379                   /lib/x86_64-linux-gnu/libnsl-2.15.so
7f88e56ed000-7f88e58ec000 ---p 00017000 08:01 26742379                   /lib/x86_64-linux-gnu/libnsl-2.15.so
7f88e58ec000-7f88e58ed000 r--p 00016000 08:01 26742379                   /lib/x86_64-linux-gnu/libnsl-2.15.so
7f88e58ed000-7f88e58ee000 rw-p 00017000 08:01 26742379                   /lib/x86_64-linux-gnu/libnsl-2.15.so
7f88e58ee000-7f88e58f0000 rw-p 00000000 00:00 0 
7f88e58f0000-7f88e58f8000 r-xp 00000000 08:01 26738728                   /lib/x86_64-linux-gnu/libnss_compat-2.15.so
7f88e58f8000-7f88e5af7000 ---p 00008000 08:01 26738728                   /lib/x86_64-linux-gnu/libnss_compat-2.15.so
7f88e5af7000-7f88e5af8000 r--p 00007000 08:01 26738728                   /lib/x86_64-linux-gnu/libnss_compat-2.15.so
7f88e5af8000-7f88e5af9000 rw-p 00008000 08:01 26738728                   /lib/x86_64-linux-gnu/libnss_compat-2.15.so
7f88e5af9000-7f88e5b25000 r-xp 00000000 08:01 18483252                   /usr/lib/jvm/java-6-openjdk-amd64/jre/lib/amd64/libjava.so
7f88e5b25000-7f88e5d24000 ---p 0002c000 08:01 18483252                   /usr/lib/jvm/java-6-openjdk-amd64/jre/lib/amd64/libjava.so
7f88e5d24000-7f88e5d25000 r--p 0002b000 08:01 18483252                   /usr/lib/jvm/java-6-openjdk-amd64/jre/lib/amd64/libjava.so
7f88e5d25000-7f88e5d28000 rw-p 0002c000 08:01 18483252                   /usr/lib/jvm/java-6-openjdk-amd64/jre/lib/amd64/libjava.so
7f88e5d28000-7f88e5d36000 r-xp 00000000 08:01 18483277                   /usr/lib/jvm/java-6-openjdk-amd64/jre/lib/amd64/libverify.so
7f88e5d36000-7f88e5f35000 ---p 0000e000 08:01 18483277                   /usr/lib/jvm/java-6-openjdk-amd64/jre/lib/amd64/libverify.so
7f88e5f35000-7f88e5f37000 r--p 0000d000 08:01 18483277                   /usr/lib/jvm/java-6-openjdk-amd64/jre/lib/amd64/libverify.so
7f88e5f37000-7f88e5f38000 rw-p 0000f000 08:01 18483277                   /usr/lib/jvm/java-6-openjdk-amd64/jre/lib/amd64/libverify.so
7f88e5f38000-7f88e5f3f000 r-xp 00000000 08:01 26738760                   /lib/x86_64-linux-gnu/librt-2.15.so
7f88e5f3f000-7f88e613e000 ---p 00007000 08:01 26738760                   /lib/x86_64-linux-gnu/librt-2.15.so
7f88e613e000-7f88e613f000 r--p 00006000 08:01 26738760                   /lib/x86_64-linux-gnu/librt-2.15.so
7f88e613f000-7f88e6140000 rw-p 00007000 08:01 26738760                   /lib/x86_64-linux-gnu/librt-2.15.so
7f88e6140000-7f88e6a40000 r-xp 00000000 08:01 18483267                   /usr/lib/jvm/java-6-openjdk-amd64/jre/lib/amd64/server/libjvm.so
7f88e6a40000-7f88e6c40000 ---p 00900000 08:01 18483267                   /usr/lib/jvm/java-6-openjdk-amd64/jre/lib/amd64/server/libjvm.so
7f88e6c40000-7f88e6cc1000 r--p 00900000 08:01 18483267                   /usr/lib/jvm/java-6-openjdk-amd64/jre/lib/amd64/server/libjvm.so
7f88e6cc1000-7f88e6cdc000 rw-p 00981000 08:01 18483267                   /usr/lib/jvm/java-6-openjdk-amd64/jre/lib/amd64/server/libjvm.so
7f88e6cdc000-7f88e6d05000 rw-p 00000000 00:00 0 
7f88e6d05000-7f88e6de7000 r-xp 00000000 08:01 15998438                   /usr/lib/x86_64-linux-gnu/libstdc++.so.6.0.16
7f88e6de7000-7f88e6fe6000 ---p 000e2000 08:01 15998438                   /usr/lib/x86_64-linux-gnu/libstdc++.so.6.0.16
7f88e6fe6000-7f88e6fee000 r--p 000e1000 08:01 15998438                   /usr/lib/x86_64-linux-gnu/libstdc++.so.6.0.16
7f88e6fee000-7f88e6ff0000 rw-p 000e9000 08:01 15998438                   /usr/lib/x86_64-linux-gnu/libstdc++.so.6.0.16
7f88e6ff0000-7f88e7005000 rw-p 00000000 00:00 0 
7f88e7005000-7f88e708d000 r-xp 00000000 08:01 16254111                   /usr/local/lib/python2.7/dist-packages/_jpype.so
7f88e708d000-7f88e728c000 ---p 00088000 08:01 16254111                   /usr/local/lib/python2.7/dist-packages/_jpype.so
7f88e728c000-7f88e728f000 r--p 00087000 08:01 16254111                   /usr/local/lib/python2.7/dist-packages/_jpype.so
7f88e728f000-7f88e7292000 rw-p 0008a000 08:01 16254111                   /usr/local/lib/python2.7/dist-packages/_jpype.so
7f88e7292000-7f88e755b000 rw-p 00000000 00:00 0 
7f88e755b000-7f88e755e000 r-xp 00000000 08:01 16122711                   /usr/lib/python2.7/lib-dynload/_heapq.so
7f88e755e000-7f88e775d000 ---p 00003000 08:01 16122711                   /usr/lib/python2.7/lib-dynload/_heapq.so
7f88e775d000-7f88e775e000 r--p 00002000 08:01 16122711                   /usr/lib/python2.7/lib-dynload/_heapq.so
7f88e775e000-7f88e7760000 rw-p 00003000 08:01 16122711                   /usr/lib/python2.7/lib-dynload/_heapq.so
7f88e7760000-7f88e77a1000 rw-p 00000000 00:00 0 
7f88e77a1000-7f88e77b5000 r-xp 00000000 08:01 16122696                   /usr/lib/python2.7/lib-dynload/datetime.so
7f88e77b5000-7f88e79b4000 ---p 00014000 08:01 16122696                   /usr/lib/python2.7/lib-dynload/datetime.so
7f88e79b4000-7f88e79b5000 r--p 00013000 08:01 16122696                   /usr/lib/python2.7/lib-dynload/datetime.so
7f88e79b5000-7f88e79b9000 rw-p 00014000 08:01 16122696                   /usr/lib/python2.7/lib-dynload/datetime.so
7f88e79b9000-7f88e81cf000 r--p 00000000 08:01 15997183                   /usr/lib/locale/locale-archive
7f88e81cf000-7f88e81e4000 r-xp 00000000 08:01 26742278                   /lib/x86_64-linux-gnu/libgcc_s.so.1
7f88e81e4000-7f88e83e3000 ---p 00015000 08:01 26742278                   /lib/x86_64-linux-gnu/libgcc_s.so.1
7f88e83e3000-7f88e83e4000 r--p 00014000 08:01 26742278                   /lib/x86_64-linux-gnu/libgcc_s.so.1
7f88e83e4000-7f88e83e5000 rw-p 00015000 08:01 26742278                   /lib/x86_64-linux-gnu/libgcc_s.so.1
7f88e83e5000-7f88e859a000 r-xp 00000000 08:01 26738726                   /lib/x86_64-linux-gnu/libc-2.15.so
7f88e859a000-7f88e879a000 ---p 001b5000 08:01 26738726                   /lib/x86_64-linux-gnu/libc-2.15.so
7f88e879a000-7f88e879e000 r--p 001b5000 08:01 26738726                   /lib/x86_64-linux-gnu/libc-2.15.so
7f88e879e000-7f88e87a0000 rw-p 001b9000 08:01 26738726                   /lib/x86_64-linux-gnu/libc-2.15.so
7f88e87a0000-7f88e87a5000 rw-p 00000000 00:00 0 
7f88e87a5000-7f88e88a0000 r-xp 00000000 08:01 26742370                   /lib/x86_64-linux-gnu/libm-2.15.so
7f88e88a0000-7f88e8a9f000 ---p 000fb000 08:01 26742370                   /lib/x86_64-linux-gnu/libm-2.15.so
7f88e8a9f000-7f88e8aa0000 r--p 000fa000 08:01 26742370                   /lib/x86_64-linux-gnu/libm-2.15.so
7f88e8aa0000-7f88e8aa1000 rw-p 000fb000 08:01 26742370                   /lib/x86_64-linux-gnu/libm-2.15.so
7f88e8aa1000-7f88e8ab7000 r-xp 00000000 08:01 26742368                   /lib/x86_64-linux-gnu/libz.so.1.2.3.4
7f88e8ab7000-7f88e8cb6000 ---p 00016000 08:01 26742368                   /lib/x86_64-linux-gnu/libz.so.1.2.3.4
7f88e8cb6000-7f88e8cb7000 r--p 00015000 08:01 26742368                   /lib/x86_64-linux-gnu/libz.so.1.2.3.4
7f88e8cb7000-7f88e8cb8000 rw-p 00016000 08:01 26742368                   /lib/x86_64-linux-gnu/libz.so.1.2.3.4
7f88e8cb8000-7f88e8e69000 r-xp 00000000 08:01 26738747                   /lib/x86_64-linux-gnu/libcrypto.so.1.0.0
7f88e8e69000-7f88e9069000 ---p 001b1000 08:01 26738747                   /lib/x86_64-linux-gnu/libcrypto.so.1.0.0
7f88e9069000-7f88e9084000 r--p 001b1000 08:01 26738747                   /lib/x86_64-linux-gnu/libcrypto.so.1.0.0
7f88e9084000-7f88e908f000 rw-p 001cc000 08:01 26738747                   /lib/x86_64-linux-gnu/libcrypto.so.1.0.0
7f88e908f000-7f88e9093000 rw-p 00000000 00:00 0 
7f88e9093000-7f88e90e7000 r-xp 00000000 08:01 26738748                   /lib/x86_64-linux-gnu/libssl.so.1.0.0
7f88e90e7000-7f88e92e7000 ---p 00054000 08:01 26738748                   /lib/x86_64-linux-gnu/libssl.so.1.0.0
7f88e92e7000-7f88e92ea000 r--p 00054000 08:01 26738748                   /lib/x86_64-linux-gnu/libssl.so.1.0.0
7f88e92ea000-7f88e92f0000 rw-p 00057000 08:01 26738748                   /lib/x86_64-linux-gnu/libssl.so.1.0.0
7f88e92f0000-7f88e92f1000 rw-p 00000000 00:00 0 
7f88e92f1000-7f88e92f3000 r-xp 00000000 08:01 26738725                   /lib/x86_64-linux-gnu/libutil-2.15.so
7f88e92f3000-7f88e94f2000 ---p 00002000 08:01 26738725                   /lib/x86_64-linux-gnu/libutil-2.15.so
7f88e94f2000-7f88e94f3000 r--p 00001000 08:01 26738725                   /lib/x86_64-linux-gnu/libutil-2.15.so
7f88e94f3000-7f88e94f4000 rw-p 00002000 08:01 26738725                   /lib/x86_64-linux-gnu/libutil-2.15.so
7f88e94f4000-7f88e94f6000 r-xp 00000000 08:01 26742374                   /lib/x86_64-linux-gnu/libdl-2.15.so
7f88e94f6000-7f88e96f6000 ---p 00002000 08:01 26742374                   /lib/x86_64-linux-gnu/libdl-2.15.so
7f88e96f6000-7f88e96f7000 r--p 00002000 08:01 26742374                   /lib/x86_64-linux-gnu/libdl-2.15.so
7f88e96f7000-7f88e96f8000 rw-p 00003000 08:01 26742374                   /lib/x86_64-linux-gnu/libdl-2.15.so
7f88e96f8000-7f88e9710000 r-xp 00000000 08:01 26742188                   /lib/x86_64-linux-gnu/libpthread-2.15.so
7f88e9710000-7f88e990f000 ---p 00018000 08:01 26742188                   /lib/x86_64-linux-gnu/libpthread-2.15.so
7f88e990f000-7f88e9910000 r--p 00017000 08:01 26742188                   /lib/x86_64-linux-gnu/libpthread-2.15.so
7f88e9910000-7f88e9911000 rw-p 00018000 08:01 26742188                   /lib/x86_64-linux-gnu/libpthread-2.15.so
7f88e9911000-7f88e9915000 rw-p 00000000 00:00 0 
7f88e9915000-7f88e9937000 r-xp 00000000 08:01 26742371                   /lib/x86_64-linux-gnu/ld-2.15.so
7f88e995e000-7f88e9a62000 rw-p 00000000 00:00 0 
7f88e9a93000-7f88e9b1b000 rw-p 00000000 00:00 0 
7f88e9b1c000-7f88e9b1f000 r--s 00077000 08:01 15993232                   /usr/lib/jvm/java-6-openjdk-common/jre/lib/ext/localedata.jar
7f88e9b1f000-7f88e9b23000 r--s 00039000 08:01 15993230                   /usr/lib/jvm/java-6-openjdk-common/jre/lib/ext/sunpkcs11.jar
7f88e9b23000-7f88e9b26000 r--s 00031000 08:01 15993234                   /usr/lib/jvm/java-6-openjdk-common/jre/lib/ext/sunjce_provider.jar
7f88e9b26000-7f88e9b28000 r--s 0000f000 08:01 15993231                   /usr/lib/jvm/java-6-openjdk-common/jre/lib/ext/pulse-java.jar
7f88e9b28000-7f88e9b29000 r--s 00007000 08:01 16260293                   /usr/share/java/java-atk-wrapper.jar
7f88e9b29000-7f88e9b2b000 r--s 00001000 08:01 15993233                   /usr/lib/jvm/java-6-openjdk-common/jre/lib/ext/dnsns.jar
7f88e9b2b000-7f88e9b33000 rw-s 00000000 08:01 5899258                    /tmp/hsperfdata_mfeys/3377
7f88e9b33000-7f88e9b34000 rw-p 00000000 00:00 0 
7f88e9b34000-7f88e9b35000 r--p 00000000 00:00 0 
7f88e9b35000-7f88e9b37000 rw-p 00000000 00:00 0 
7f88e9b37000-7f88e9b38000 r--p 00022000 08:01 26742371                   /lib/x86_64-linux-gnu/ld-2.15.so
7f88e9b38000-7f88e9b3a000 rw-p 00023000 08:01 26742371                   /lib/x86_64-linux-gnu/ld-2.15.so
7fff9e36d000-7fff9e370000 ---p 00000000 00:00 0 
7fff9e371000-7fff9e46d000 rw-p 00000000 00:00 0                          [stack]
7fff9e476000-7fff9e478000 r-xp 00000000 00:00 0                          [vdso]
ffffffffff600000-ffffffffff601000 r-xp 00000000 00:00 0                  [vsyscall]

VM Arguments:
jvm_args: -ea 
java_command: <unknown>
Launcher Type: generic

Environment Variables:
PATH=/usr/lib/lightdm/lightdm:/usr/local/sbin:/usr/local/bin:/usr/sbin:/usr/bin:/sbin:/bin:/usr/games:/opt/epd/bin
SHELL=/bin/bash
DISPLAY=:0

Signal Handlers:
SIGSEGV: [libjvm.so+0x7837a0], sa_mask[0]=0x7ffbfeff, sa_flags=0x10000004
SIGBUS: [libjvm.so+0x7837a0], sa_mask[0]=0x7ffbfeff, sa_flags=0x10000004
SIGFPE: [libjvm.so+0x647720], sa_mask[0]=0x7ffbfeff, sa_flags=0x10000004
SIGPIPE: [libjvm.so+0x647720], sa_mask[0]=0x7ffbfeff, sa_flags=0x10000004
SIGXFSZ: [libjvm.so+0x647720], sa_mask[0]=0x7ffbfeff, sa_flags=0x10000004
SIGILL: [libjvm.so+0x647720], sa_mask[0]=0x7ffbfeff, sa_flags=0x10000004
SIGUSR1: SIG_DFL, sa_mask[0]=0x00000000, sa_flags=0x00000000
SIGUSR2: [libjvm.so+0x647900], sa_mask[0]=0x00000000, sa_flags=0x10000004
SIGHUP: [libjvm.so+0x64a2d0], sa_mask[0]=0x7ffbfeff, sa_flags=0x10000004
SIGINT: [libjvm.so+0x64a2d0], sa_mask[0]=0x7ffbfeff, sa_flags=0x10000004
SIGTERM: [libjvm.so+0x64a2d0], sa_mask[0]=0x7ffbfeff, sa_flags=0x10000004
SIGQUIT: [libjvm.so+0x64a2d0], sa_mask[0]=0x7ffbfeff, sa_flags=0x10000004


---------------  S Y S T E M  ---------------

OS:Ubuntu 12.04 (precise)
uname:Linux 3.8.0-33-generic #48~precise1-Ubuntu SMP Thu Oct 24 16:28:06 UTC 2013 x86_64
libc:glibc 2.15 NPTL 2.15 
rlimit: STACK 8192k, CORE 0k, NPROC 62729, NOFILE 4096, AS infinity
load average:1.43 1.66 1.45

/proc/meminfo:
MemTotal:        8048216 kB
MemFree:         1853388 kB
Buffers:          132164 kB
Cached:          4087380 kB
SwapCached:            8 kB
Active:          1932888 kB
Inactive:        3702048 kB
Active(anon):    1260872 kB
Inactive(anon):   793764 kB
Active(file):     672016 kB
Inactive(file):  2908284 kB
Unevictable:          80 kB
Mlocked:              80 kB
SwapTotal:       8256508 kB
SwapFree:        8249816 kB
Dirty:                80 kB
Writeback:             0 kB
AnonPages:       1415544 kB
Mapped:           213988 kB
Shmem:            639240 kB
Slab:             432312 kB
SReclaimable:     391472 kB
SUnreclaim:        40840 kB
KernelStack:        4328 kB
PageTables:        36308 kB
NFS_Unstable:          0 kB
Bounce:                0 kB
WritebackTmp:          0 kB
CommitLimit:    12280616 kB
Committed_AS:    5237504 kB
VmallocTotal:   34359738367 kB
VmallocUsed:      361892 kB
VmallocChunk:   34359372500 kB
HardwareCorrupted:     0 kB
AnonHugePages:         0 kB
HugePages_Total:       0
HugePages_Free:        0
HugePages_Rsvd:        0
HugePages_Surp:        0
Hugepagesize:       2048 kB
DirectMap4k:       59392 kB
DirectMap2M:     8220672 kB


CPU:total 4 (2 cores per cpu, 2 threads per core) family 6 model 58 stepping 9, cmov, cx8, fxsr, mmx, sse, sse2, sse3, ssse3, sse4.1, sse4.2, popcnt, ht

Memory: 4k page, physical 8048216k(1853388k free), swap 8256508k(8249816k free)

vm_info: OpenJDK 64-Bit Server VM (20.0-b12) for linux-amd64 JRE (1.6.0_27-b27), built on Jul 17 2013 13:53:24 by "buildd" with gcc 4.6.3

time: Wed Nov 20 16:55:38 2013
elapsed time: 0 seconds

