#
# A fatal error has been detected by the Java Runtime Environment:
#
#  SIGSEGV (0xb) at pc=0x00007fee301a9ec0, pid=2593, tid=140661030979328
#
# JRE version: 6.0_27-b27
# Java VM: OpenJDK 64-Bit Server VM (20.0-b12 mixed mode linux-amd64 compressed oops)
# Derivative: IcedTea6 1.12.6
# Distribution: Ubuntu 12.04 LTS, package 6b27-1.12.6-1ubuntu0.12.04.2
# Problematic frame:
# C  [_jpype.so+0x2aec0]  JPJavaEnv::GetEnv(JNIEnv_**)+0x0
#
# If you would like to submit a bug report, please include
# instructions how to reproduce the bug and visit:
#   https://bugs.launchpad.net/ubuntu/+source/openjdk-6/
# The crash happened outside the Java Virtual Machine in native code.
# See problematic frame for where to report the bug.
#

---------------  T H R E A D  ---------------

Current thread (0x000000000154d000):  JavaThread "main" [_thread_in_native, id=2593, stack(0x00007fff74027000,0x00007fff74127000)]

siginfo:si_signo=SIGSEGV: si_errno=0, si_code=1 (SEGV_MAPERR), si_addr=0x0000000000000008

Registers:
RAX=0x00007fee3040b6c0, RBX=0x0000000001653b80, RCX=0x3682d0f246257b48, RDX=0x0000000000000000
RSP=0x00007fff74124e78, RBP=0x000000000154f1a0, RSI=0x00007fff74124e88, RDI=0x0000000000000000
R8 =0x0000000000000000, R9 =0x00007fee32c50030, R10=0x0000000000000000, R11=0x00007fee316e2e50
R12=0x0000000000000000, R13=0x0000000000577280, R14=0x0000000000000000, R15=0x00007fee32c50e10
RIP=0x00007fee301a9ec0, EFLAGS=0x0000000000010202, CSGSFS=0x0000000000000033, ERR=0x0000000000000004
  TRAPNO=0x000000000000000e

Top of Stack: (sp=0x00007fff74124e78)
0x00007fff74124e78:   00007fee301a9efe 00007fee32b96bb0
0x00007fff74124e88:   00007fee32c4f050 00007fee32b43578
0x00007fff74124e98:   00007fee301aa179 0000000001669260
0x00007fff74124ea8:   00007fee301c5405 0000000001669260
0x00007fff74124eb8:   00007fee301c5439 00000000014fa710
0x00007fff74124ec8:   000000000057a00c 000000000154f280
0x00007fff74124ed8:   000000000054878d 0000000001509950
0x00007fff74124ee8:   0000000001509960 000000000087fa40
0x00007fff74124ef8:   000000000045d198 00000000014a7050
0x00007fff74124f08:   00000000014f2cb0 00007fee32c50e10
0x00007fff74124f18:   00000000014dd798 00000000014dd6d0
0x00007fff74124f28:   0000000000000000 0000000001504c30
0x00007fff74124f38:   000000000150d0e0 00007fee32c50e10
0x00007fff74124f48:   000000000054878d 00000000014f2cb0
0x00007fff74124f58:   0000000000000000 0000000000877000
0x00007fff74124f68:   0000000000458d13 0000000001507cf8
0x00007fff74124f78:   000000000166f2e0 000000000154ec00
0x00007fff74124f88:   0000000000000005 0000000000577280
0x00007fff74124f98:   0000000000000000 00000000011a17a4
0x00007fff74124fa8:   000000000054878d 0000000001509990
0x00007fff74124fb8:   00000000015099a0 000000000087fa40
0x00007fff74124fc8:   000000000045d198 0000000000880fa0
0x00007fff74124fd8:   000000000054e79d 000000000150d098
0x00007fff74124fe8:   0000000000880fa0 0000000001545190
0x00007fff74124ff8:   00000000011a17e9 0000000001544f70
0x00007fff74125008:   0000000001545168 00000000011a17a4
0x00007fff74125018:   000000000048ad95 0000000001542a80
0x00007fff74125028:   00000000ffffffff 0000000001543f18
0x00007fff74125038:   000000000054effe 0000000000000000
0x00007fff74125048:   00000000010b90a0 0000000000000002
0x00007fff74125058:   0000000000000290 e7f55f726886c890
0x00007fff74125068:   0000003900000027 0000000000000000 

Instructions: (pc=0x00007fee301a9ec0)
0x00007fee301a9ea0:   c0 5b c3 90 66 66 66 2e 0f 1f 84 00 00 00 00 00
0x00007fee301a9eb0:   48 8b 7f 08 48 8b 07 48 8b 40 28 ff e0 90 66 90
0x00007fee301a9ec0:   48 8b 7f 08 48 85 ff 74 17 48 8b 07 ba 02 00 01
0x00007fee301a9ed0:   00 48 8b 40 30 ff e0 66 0f 1f 84 00 00 00 00 00 

Register to memory mapping:

RAX=0x00007fee3040b6c0: _ZN5JPEnv6s_JavaE+0 in /usr/local/lib/python2.7/dist-packages/_jpype.so at 0x00007fee3017f000
RBX=0x0000000001653b80 is a global jni handle
RCX=0x3682d0f246257b48 is an unknown value
RDX=0x0000000000000000 is an unknown value
RSP=0x00007fff74124e78 is pointing into the stack for thread: 0x000000000154d000
RBP=0x000000000154f1a0 is an unknown value
RSI=0x00007fff74124e88 is pointing into the stack for thread: 0x000000000154d000
RDI=0x0000000000000000 is an unknown value
R8 =0x0000000000000000 is an unknown value
R9 =0x00007fee32c50030 is an unknown value
R10=0x0000000000000000 is an unknown value
R11=0x00007fee316e2e50: <offset 0x183e50> in /lib/x86_64-linux-gnu/libc.so.6 at 0x00007fee3155f000
R12=0x0000000000000000 is an unknown value
R13=0x0000000000577280: <offset 0x177280> in python at 0x0000000000400000
R14=0x0000000000000000 is an unknown value
R15=0x00007fee32c50e10 is an unknown value


Stack: [0x00007fff74027000,0x00007fff74127000],  sp=0x00007fff74124e78,  free space=1015k
Native frames: (J=compiled Java code, j=interpreted, Vv=VM code, C=native code)
C  [_jpype.so+0x2aec0]  JPJavaEnv::GetEnv(JNIEnv_**)+0x0


---------------  P R O C E S S  ---------------

Java Threads: ( => current thread )
  0x0000000001658000 JavaThread "Thread-0" [_thread_blocked, id=2606, stack(0x00007fee296bb000,0x00007fee297bc000)]
  0x0000000001639000 JavaThread "Low Memory Detector" daemon [_thread_blocked, id=2604, stack(0x00007fee298bd000,0x00007fee299be000)]
  0x0000000001637000 JavaThread "C2 CompilerThread1" daemon [_thread_blocked, id=2603, stack(0x00007fee299be000,0x00007fee29abf000)]
  0x0000000001632000 JavaThread "C2 CompilerThread0" daemon [_thread_blocked, id=2602, stack(0x00007fee29abf000,0x00007fee29bc0000)]
  0x0000000001630800 JavaThread "Signal Dispatcher" daemon [_thread_blocked, id=2601, stack(0x00007fee29bc0000,0x00007fee29cc1000)]
  0x0000000001612800 JavaThread "Finalizer" daemon [_thread_blocked, id=2600, stack(0x00007fee29cc1000,0x00007fee29dc2000)]
  0x0000000001610800 JavaThread "Reference Handler" daemon [_thread_blocked, id=2599, stack(0x00007fee29dc2000,0x00007fee29ec3000)]
=>0x000000000154d000 JavaThread "main" [_thread_in_native, id=2593, stack(0x00007fff74027000,0x00007fff74127000)]

Other Threads:
  0x000000000160c000 VMThread [stack: 0x00007fee29ec3000,0x00007fee29fc4000] [id=2598]
  0x0000000001643800 WatcherThread [stack: 0x00007fee297bc000,0x00007fee298bd000] [id=2605]

VM state:not at safepoint (normal execution)

VM Mutex/Monitor currently owned by a thread: None

Heap
 PSYoungGen      total 36736K, used 631K [0x00000007d70b0000, 0x00000007d99a0000, 0x0000000800000000)
  eden space 31552K, 2% used [0x00000007d70b0000,0x00000007d714dc38,0x00000007d8f80000)
  from space 5184K, 0% used [0x00000007d9490000,0x00000007d9490000,0x00000007d99a0000)
  to   space 5184K, 0% used [0x00000007d8f80000,0x00000007d8f80000,0x00000007d9490000)
 PSOldGen        total 83840K, used 0K [0x0000000785200000, 0x000000078a3e0000, 0x00000007d70b0000)
  object space 83840K, 0% used [0x0000000785200000,0x0000000785200000,0x000000078a3e0000)
 PSPermGen       total 21248K, used 2958K [0x000000077ac00000, 0x000000077c0c0000, 0x0000000785200000)
  object space 21248K, 13% used [0x000000077ac00000,0x000000077aee3948,0x000000077c0c0000)

Code Cache  [0x00007fee2b22f000, 0x00007fee2b49f000, 0x00007fee2e22f000)
 total_blobs=152 nmethods=0 adapters=120 free_code_cache=49952640 largest_free_block=0

Dynamic libraries:
00400000-00670000 r-xp 00000000 08:01 15992556                           /usr/bin/python2.7
00870000-00871000 r--p 00270000 08:01 15992556                           /usr/bin/python2.7
00871000-008da000 rw-p 00271000 08:01 15992556                           /usr/bin/python2.7
008da000-008ec000 rw-p 00000000 00:00 0 
010b9000-01676000 rw-p 00000000 00:00 0                                  [heap]
77ac00000-77c0c0000 rw-p 00000000 00:00 0 
77c0c0000-785200000 rw-p 00000000 00:00 0 
785200000-78a3e0000 rw-p 00000000 00:00 0 
78a3e0000-7d70b0000 rw-p 00000000 00:00 0 
7d70b0000-7d99a0000 rw-p 00000000 00:00 0 
7d99a0000-800000000 rw-p 00000000 00:00 0 
7fede4000000-7fede4021000 rw-p 00000000 00:00 0 
7fede4021000-7fede8000000 ---p 00000000 00:00 0 
7fedec000000-7fedec021000 rw-p 00000000 00:00 0 
7fedec021000-7fedf0000000 ---p 00000000 00:00 0 
7fedf0000000-7fedf0021000 rw-p 00000000 00:00 0 
7fedf0021000-7fedf4000000 ---p 00000000 00:00 0 
7fedf4000000-7fedf4021000 rw-p 00000000 00:00 0 
7fedf4021000-7fedf8000000 ---p 00000000 00:00 0 
7fedf8000000-7fedf8021000 rw-p 00000000 00:00 0 
7fedf8021000-7fedfc000000 ---p 00000000 00:00 0 
7fedfc000000-7fedfc021000 rw-p 00000000 00:00 0 
7fedfc021000-7fee00000000 ---p 00000000 00:00 0 
7fee00000000-7fee00021000 rw-p 00000000 00:00 0 
7fee00021000-7fee04000000 ---p 00000000 00:00 0 
7fee04000000-7fee04021000 rw-p 00000000 00:00 0 
7fee04021000-7fee08000000 ---p 00000000 00:00 0 
7fee08000000-7fee08021000 rw-p 00000000 00:00 0 
7fee08021000-7fee0c000000 ---p 00000000 00:00 0 
7fee0c000000-7fee0c021000 rw-p 00000000 00:00 0 
7fee0c021000-7fee10000000 ---p 00000000 00:00 0 
7fee14000000-7fee14021000 rw-p 00000000 00:00 0 
7fee14021000-7fee18000000 ---p 00000000 00:00 0 
7fee1c000000-7fee1c021000 rw-p 00000000 00:00 0 
7fee1c021000-7fee20000000 ---p 00000000 00:00 0 
7fee24000000-7fee24021000 rw-p 00000000 00:00 0 
7fee24021000-7fee28000000 ---p 00000000 00:00 0 
7fee296bb000-7fee296be000 ---p 00000000 00:00 0 
7fee296be000-7fee297bc000 rw-p 00000000 00:00 0                          [stack:2606]
7fee297bc000-7fee297bd000 ---p 00000000 00:00 0 
7fee297bd000-7fee298bd000 rw-p 00000000 00:00 0                          [stack:2605]
7fee298bd000-7fee298c0000 ---p 00000000 00:00 0 
7fee298c0000-7fee299be000 rw-p 00000000 00:00 0                          [stack:2604]
7fee299be000-7fee299c1000 ---p 00000000 00:00 0 
7fee299c1000-7fee29abf000 rw-p 00000000 00:00 0                          [stack:2603]
7fee29abf000-7fee29ac2000 ---p 00000000 00:00 0 
7fee29ac2000-7fee29bc0000 rw-p 00000000 00:00 0                          [stack:2602]
7fee29bc0000-7fee29bc3000 ---p 00000000 00:00 0 
7fee29bc3000-7fee29cc1000 rw-p 00000000 00:00 0                          [stack:2601]
7fee29cc1000-7fee29cc4000 ---p 00000000 00:00 0 
7fee29cc4000-7fee29dc2000 rw-p 00000000 00:00 0                          [stack:2600]
7fee29dc2000-7fee29dc5000 ---p 00000000 00:00 0 
7fee29dc5000-7fee29ec3000 rw-p 00000000 00:00 0                          [stack:2599]
7fee29ec3000-7fee29ec4000 ---p 00000000 00:00 0 
7fee29ec4000-7fee2a4c9000 rw-p 00000000 00:00 0                          [stack:2598]
7fee2a4c9000-7fee2a65d000 r--s 03807000 08:01 17962120                   /usr/lib/jvm/java-6-openjdk-amd64/jre/lib/rt.jar
7fee2a65d000-7fee2a65e000 ---p 00000000 00:00 0 
7fee2a65e000-7fee2a75e000 rw-p 00000000 00:00 0                          [stack:2597]
7fee2a75e000-7fee2a75f000 ---p 00000000 00:00 0 
7fee2a75f000-7fee2a85f000 rw-p 00000000 00:00 0                          [stack:2596]
7fee2a85f000-7fee2a860000 ---p 00000000 00:00 0 
7fee2a860000-7fee2a960000 rw-p 00000000 00:00 0                          [stack:2595]
7fee2a960000-7fee2a961000 ---p 00000000 00:00 0 
7fee2a961000-7fee2aa6c000 rw-p 00000000 00:00 0                          [stack:2594]
7fee2aa6c000-7fee2aab4000 rw-p 00000000 00:00 0 
7fee2aab4000-7fee2aadd000 rw-p 00000000 00:00 0 
7fee2aadd000-7fee2ad44000 rw-p 00000000 00:00 0 
7fee2ad44000-7fee2ad4f000 rw-p 00000000 00:00 0 
7fee2ad4f000-7fee2ad97000 rw-p 00000000 00:00 0 
7fee2ad97000-7fee2adc0000 rw-p 00000000 00:00 0 
7fee2adc0000-7fee2b026000 rw-p 00000000 00:00 0 
7fee2b026000-7fee2b03b000 rw-p 00000000 00:00 0 
7fee2b03b000-7fee2b16e000 rw-p 00000000 00:00 0 
7fee2b16e000-7fee2b179000 rw-p 00000000 00:00 0 
7fee2b179000-7fee2b22f000 rw-p 00000000 00:00 0 
7fee2b22f000-7fee2b49f000 rwxp 00000000 00:00 0 
7fee2b49f000-7fee2e22f000 rw-p 00000000 00:00 0 
7fee2e22f000-7fee2e236000 r-xp 00000000 08:01 18483253                   /usr/lib/jvm/java-6-openjdk-amd64/jre/lib/amd64/libzip.so
7fee2e236000-7fee2e435000 ---p 00007000 08:01 18483253                   /usr/lib/jvm/java-6-openjdk-amd64/jre/lib/amd64/libzip.so
7fee2e435000-7fee2e436000 r--p 00006000 08:01 18483253                   /usr/lib/jvm/java-6-openjdk-amd64/jre/lib/amd64/libzip.so
7fee2e436000-7fee2e437000 rw-p 00007000 08:01 18483253                   /usr/lib/jvm/java-6-openjdk-amd64/jre/lib/amd64/libzip.so
7fee2e437000-7fee2e443000 r-xp 00000000 08:01 26738730                   /lib/x86_64-linux-gnu/libnss_files-2.15.so
7fee2e443000-7fee2e642000 ---p 0000c000 08:01 26738730                   /lib/x86_64-linux-gnu/libnss_files-2.15.so
7fee2e642000-7fee2e643000 r--p 0000b000 08:01 26738730                   /lib/x86_64-linux-gnu/libnss_files-2.15.so
7fee2e643000-7fee2e644000 rw-p 0000c000 08:01 26738730                   /lib/x86_64-linux-gnu/libnss_files-2.15.so
7fee2e644000-7fee2e64e000 r-xp 00000000 08:01 26738761                   /lib/x86_64-linux-gnu/libnss_nis-2.15.so
7fee2e64e000-7fee2e84e000 ---p 0000a000 08:01 26738761                   /lib/x86_64-linux-gnu/libnss_nis-2.15.so
7fee2e84e000-7fee2e84f000 r--p 0000a000 08:01 26738761                   /lib/x86_64-linux-gnu/libnss_nis-2.15.so
7fee2e84f000-7fee2e850000 rw-p 0000b000 08:01 26738761                   /lib/x86_64-linux-gnu/libnss_nis-2.15.so
7fee2e850000-7fee2e867000 r-xp 00000000 08:01 26742379                   /lib/x86_64-linux-gnu/libnsl-2.15.so
7fee2e867000-7fee2ea66000 ---p 00017000 08:01 26742379                   /lib/x86_64-linux-gnu/libnsl-2.15.so
7fee2ea66000-7fee2ea67000 r--p 00016000 08:01 26742379                   /lib/x86_64-linux-gnu/libnsl-2.15.so
7fee2ea67000-7fee2ea68000 rw-p 00017000 08:01 26742379                   /lib/x86_64-linux-gnu/libnsl-2.15.so
7fee2ea68000-7fee2ea6a000 rw-p 00000000 00:00 0 
7fee2ea6a000-7fee2ea72000 r-xp 00000000 08:01 26738728                   /lib/x86_64-linux-gnu/libnss_compat-2.15.so
7fee2ea72000-7fee2ec71000 ---p 00008000 08:01 26738728                   /lib/x86_64-linux-gnu/libnss_compat-2.15.so
7fee2ec71000-7fee2ec72000 r--p 00007000 08:01 26738728                   /lib/x86_64-linux-gnu/libnss_compat-2.15.so
7fee2ec72000-7fee2ec73000 rw-p 00008000 08:01 26738728                   /lib/x86_64-linux-gnu/libnss_compat-2.15.so
7fee2ec73000-7fee2ec9f000 r-xp 00000000 08:01 18483252                   /usr/lib/jvm/java-6-openjdk-amd64/jre/lib/amd64/libjava.so
7fee2ec9f000-7fee2ee9e000 ---p 0002c000 08:01 18483252                   /usr/lib/jvm/java-6-openjdk-amd64/jre/lib/amd64/libjava.so
7fee2ee9e000-7fee2ee9f000 r--p 0002b000 08:01 18483252                   /usr/lib/jvm/java-6-openjdk-amd64/jre/lib/amd64/libjava.so
7fee2ee9f000-7fee2eea2000 rw-p 0002c000 08:01 18483252                   /usr/lib/jvm/java-6-openjdk-amd64/jre/lib/amd64/libjava.so
7fee2eea2000-7fee2eeb0000 r-xp 00000000 08:01 18483277                   /usr/lib/jvm/java-6-openjdk-amd64/jre/lib/amd64/libverify.so
7fee2eeb0000-7fee2f0af000 ---p 0000e000 08:01 18483277                   /usr/lib/jvm/java-6-openjdk-amd64/jre/lib/amd64/libverify.so
7fee2f0af000-7fee2f0b1000 r--p 0000d000 08:01 18483277                   /usr/lib/jvm/java-6-openjdk-amd64/jre/lib/amd64/libverify.so
7fee2f0b1000-7fee2f0b2000 rw-p 0000f000 08:01 18483277                   /usr/lib/jvm/java-6-openjdk-amd64/jre/lib/amd64/libverify.so
7fee2f0b2000-7fee2f0b9000 r-xp 00000000 08:01 26738760                   /lib/x86_64-linux-gnu/librt-2.15.so
7fee2f0b9000-7fee2f2b8000 ---p 00007000 08:01 26738760                   /lib/x86_64-linux-gnu/librt-2.15.so
7fee2f2b8000-7fee2f2b9000 r--p 00006000 08:01 26738760                   /lib/x86_64-linux-gnu/librt-2.15.so
7fee2f2b9000-7fee2f2ba000 rw-p 00007000 08:01 26738760                   /lib/x86_64-linux-gnu/librt-2.15.so
7fee2f2ba000-7fee2fbba000 r-xp 00000000 08:01 18483267                   /usr/lib/jvm/java-6-openjdk-amd64/jre/lib/amd64/server/libjvm.so
7fee2fbba000-7fee2fdba000 ---p 00900000 08:01 18483267                   /usr/lib/jvm/java-6-openjdk-amd64/jre/lib/amd64/server/libjvm.so
7fee2fdba000-7fee2fe3b000 r--p 00900000 08:01 18483267                   /usr/lib/jvm/java-6-openjdk-amd64/jre/lib/amd64/server/libjvm.so
7fee2fe3b000-7fee2fe56000 rw-p 00981000 08:01 18483267                   /usr/lib/jvm/java-6-openjdk-amd64/jre/lib/amd64/server/libjvm.so
7fee2fe56000-7fee2fe7f000 rw-p 00000000 00:00 0 
7fee2fe7f000-7fee2ff61000 r-xp 00000000 08:01 15998438                   /usr/lib/x86_64-linux-gnu/libstdc++.so.6.0.16
7fee2ff61000-7fee30160000 ---p 000e2000 08:01 15998438                   /usr/lib/x86_64-linux-gnu/libstdc++.so.6.0.16
7fee30160000-7fee30168000 r--p 000e1000 08:01 15998438                   /usr/lib/x86_64-linux-gnu/libstdc++.so.6.0.16
7fee30168000-7fee3016a000 rw-p 000e9000 08:01 15998438                   /usr/lib/x86_64-linux-gnu/libstdc++.so.6.0.16
7fee3016a000-7fee3017f000 rw-p 00000000 00:00 0 
7fee3017f000-7fee30207000 r-xp 00000000 08:01 16254111                   /usr/local/lib/python2.7/dist-packages/_jpype.so
7fee30207000-7fee30406000 ---p 00088000 08:01 16254111                   /usr/local/lib/python2.7/dist-packages/_jpype.so
7fee30406000-7fee30409000 r--p 00087000 08:01 16254111                   /usr/local/lib/python2.7/dist-packages/_jpype.so
7fee30409000-7fee3040c000 rw-p 0008a000 08:01 16254111                   /usr/local/lib/python2.7/dist-packages/_jpype.so
7fee3040c000-7fee306d5000 rw-p 00000000 00:00 0 
7fee306d5000-7fee306d8000 r-xp 00000000 08:01 16122711                   /usr/lib/python2.7/lib-dynload/_heapq.so
7fee306d8000-7fee308d7000 ---p 00003000 08:01 16122711                   /usr/lib/python2.7/lib-dynload/_heapq.so
7fee308d7000-7fee308d8000 r--p 00002000 08:01 16122711                   /usr/lib/python2.7/lib-dynload/_heapq.so
7fee308d8000-7fee308da000 rw-p 00003000 08:01 16122711                   /usr/lib/python2.7/lib-dynload/_heapq.so
7fee308da000-7fee3091b000 rw-p 00000000 00:00 0 
7fee3091b000-7fee3092f000 r-xp 00000000 08:01 16122696                   /usr/lib/python2.7/lib-dynload/datetime.so
7fee3092f000-7fee30b2e000 ---p 00014000 08:01 16122696                   /usr/lib/python2.7/lib-dynload/datetime.so
7fee30b2e000-7fee30b2f000 r--p 00013000 08:01 16122696                   /usr/lib/python2.7/lib-dynload/datetime.so
7fee30b2f000-7fee30b33000 rw-p 00014000 08:01 16122696                   /usr/lib/python2.7/lib-dynload/datetime.so
7fee30b33000-7fee31349000 r--p 00000000 08:01 15997183                   /usr/lib/locale/locale-archive
7fee31349000-7fee3135e000 r-xp 00000000 08:01 26742278                   /lib/x86_64-linux-gnu/libgcc_s.so.1
7fee3135e000-7fee3155d000 ---p 00015000 08:01 26742278                   /lib/x86_64-linux-gnu/libgcc_s.so.1
7fee3155d000-7fee3155e000 r--p 00014000 08:01 26742278                   /lib/x86_64-linux-gnu/libgcc_s.so.1
7fee3155e000-7fee3155f000 rw-p 00015000 08:01 26742278                   /lib/x86_64-linux-gnu/libgcc_s.so.1
7fee3155f000-7fee31714000 r-xp 00000000 08:01 26738726                   /lib/x86_64-linux-gnu/libc-2.15.so
7fee31714000-7fee31914000 ---p 001b5000 08:01 26738726                   /lib/x86_64-linux-gnu/libc-2.15.so
7fee31914000-7fee31918000 r--p 001b5000 08:01 26738726                   /lib/x86_64-linux-gnu/libc-2.15.so
7fee31918000-7fee3191a000 rw-p 001b9000 08:01 26738726                   /lib/x86_64-linux-gnu/libc-2.15.so
7fee3191a000-7fee3191f000 rw-p 00000000 00:00 0 
7fee3191f000-7fee31a1a000 r-xp 00000000 08:01 26742370                   /lib/x86_64-linux-gnu/libm-2.15.so
7fee31a1a000-7fee31c19000 ---p 000fb000 08:01 26742370                   /lib/x86_64-linux-gnu/libm-2.15.so
7fee31c19000-7fee31c1a000 r--p 000fa000 08:01 26742370                   /lib/x86_64-linux-gnu/libm-2.15.so
7fee31c1a000-7fee31c1b000 rw-p 000fb000 08:01 26742370                   /lib/x86_64-linux-gnu/libm-2.15.so
7fee31c1b000-7fee31c31000 r-xp 00000000 08:01 26742368                   /lib/x86_64-linux-gnu/libz.so.1.2.3.4
7fee31c31000-7fee31e30000 ---p 00016000 08:01 26742368                   /lib/x86_64-linux-gnu/libz.so.1.2.3.4
7fee31e30000-7fee31e31000 r--p 00015000 08:01 26742368                   /lib/x86_64-linux-gnu/libz.so.1.2.3.4
7fee31e31000-7fee31e32000 rw-p 00016000 08:01 26742368                   /lib/x86_64-linux-gnu/libz.so.1.2.3.4
7fee31e32000-7fee31fe3000 r-xp 00000000 08:01 26738747                   /lib/x86_64-linux-gnu/libcrypto.so.1.0.0
7fee31fe3000-7fee321e3000 ---p 001b1000 08:01 26738747                   /lib/x86_64-linux-gnu/libcrypto.so.1.0.0
7fee321e3000-7fee321fe000 r--p 001b1000 08:01 26738747                   /lib/x86_64-linux-gnu/libcrypto.so.1.0.0
7fee321fe000-7fee32209000 rw-p 001cc000 08:01 26738747                   /lib/x86_64-linux-gnu/libcrypto.so.1.0.0
7fee32209000-7fee3220d000 rw-p 00000000 00:00 0 
7fee3220d000-7fee32261000 r-xp 00000000 08:01 26738748                   /lib/x86_64-linux-gnu/libssl.so.1.0.0
7fee32261000-7fee32461000 ---p 00054000 08:01 26738748                   /lib/x86_64-linux-gnu/libssl.so.1.0.0
7fee32461000-7fee32464000 r--p 00054000 08:01 26738748                   /lib/x86_64-linux-gnu/libssl.so.1.0.0
7fee32464000-7fee3246a000 rw-p 00057000 08:01 26738748                   /lib/x86_64-linux-gnu/libssl.so.1.0.0
7fee3246a000-7fee3246b000 rw-p 00000000 00:00 0 
7fee3246b000-7fee3246d000 r-xp 00000000 08:01 26738725                   /lib/x86_64-linux-gnu/libutil-2.15.so
7fee3246d000-7fee3266c000 ---p 00002000 08:01 26738725                   /lib/x86_64-linux-gnu/libutil-2.15.so
7fee3266c000-7fee3266d000 r--p 00001000 08:01 26738725                   /lib/x86_64-linux-gnu/libutil-2.15.so
7fee3266d000-7fee3266e000 rw-p 00002000 08:01 26738725                   /lib/x86_64-linux-gnu/libutil-2.15.so
7fee3266e000-7fee32670000 r-xp 00000000 08:01 26742374                   /lib/x86_64-linux-gnu/libdl-2.15.so
7fee32670000-7fee32870000 ---p 00002000 08:01 26742374                   /lib/x86_64-linux-gnu/libdl-2.15.so
7fee32870000-7fee32871000 r--p 00002000 08:01 26742374                   /lib/x86_64-linux-gnu/libdl-2.15.so
7fee32871000-7fee32872000 rw-p 00003000 08:01 26742374                   /lib/x86_64-linux-gnu/libdl-2.15.so
7fee32872000-7fee3288a000 r-xp 00000000 08:01 26742188                   /lib/x86_64-linux-gnu/libpthread-2.15.so
7fee3288a000-7fee32a89000 ---p 00018000 08:01 26742188                   /lib/x86_64-linux-gnu/libpthread-2.15.so
7fee32a89000-7fee32a8a000 r--p 00017000 08:01 26742188                   /lib/x86_64-linux-gnu/libpthread-2.15.so
7fee32a8a000-7fee32a8b000 rw-p 00018000 08:01 26742188                   /lib/x86_64-linux-gnu/libpthread-2.15.so
7fee32a8b000-7fee32a8f000 rw-p 00000000 00:00 0 
7fee32a8f000-7fee32ab1000 r-xp 00000000 08:01 26742371                   /lib/x86_64-linux-gnu/ld-2.15.so
7fee32ad8000-7fee32bdc000 rw-p 00000000 00:00 0 
7fee32c0d000-7fee32c95000 rw-p 00000000 00:00 0 
7fee32c96000-7fee32c99000 r--s 00077000 08:01 15993232                   /usr/lib/jvm/java-6-openjdk-common/jre/lib/ext/localedata.jar
7fee32c99000-7fee32c9d000 r--s 00039000 08:01 15993230                   /usr/lib/jvm/java-6-openjdk-common/jre/lib/ext/sunpkcs11.jar
7fee32c9d000-7fee32ca0000 r--s 00031000 08:01 15993234                   /usr/lib/jvm/java-6-openjdk-common/jre/lib/ext/sunjce_provider.jar
7fee32ca0000-7fee32ca2000 r--s 0000f000 08:01 15993231                   /usr/lib/jvm/java-6-openjdk-common/jre/lib/ext/pulse-java.jar
7fee32ca2000-7fee32ca3000 r--s 00007000 08:01 16260293                   /usr/share/java/java-atk-wrapper.jar
7fee32ca3000-7fee32ca5000 r--s 00001000 08:01 15993233                   /usr/lib/jvm/java-6-openjdk-common/jre/lib/ext/dnsns.jar
7fee32ca5000-7fee32cad000 rw-s 00000000 08:01 5639890                    /tmp/hsperfdata_mfeys/2593
7fee32cad000-7fee32cae000 rw-p 00000000 00:00 0 
7fee32cae000-7fee32caf000 r--p 00000000 00:00 0 
7fee32caf000-7fee32cb1000 rw-p 00000000 00:00 0 
7fee32cb1000-7fee32cb2000 r--p 00022000 08:01 26742371                   /lib/x86_64-linux-gnu/ld-2.15.so
7fee32cb2000-7fee32cb4000 rw-p 00023000 08:01 26742371                   /lib/x86_64-linux-gnu/ld-2.15.so
7fff74027000-7fff7402a000 ---p 00000000 00:00 0 
7fff7402b000-7fff74127000 rw-p 00000000 00:00 0                          [stack]
7fff741fe000-7fff74200000 r-xp 00000000 00:00 0                          [vdso]
ffffffffff600000-ffffffffff601000 r-xp 00000000 00:00 0                  [vsyscall]

VM Arguments:
jvm_args: -ea 
java_command: <unknown>
Launcher Type: generic

Environment Variables:
PATH=/usr/lib/lightdm/lightdm:/usr/local/sbin:/usr/local/bin:/usr/sbin:/usr/bin:/sbin:/bin:/usr/games:/opt/epd/bin
SHELL=/bin/bash
DISPLAY=:0

Signal Handlers:
SIGSEGV: [libjvm.so+0x7837a0], sa_mask[0]=0x7ffbfeff, sa_flags=0x10000004
SIGBUS: [libjvm.so+0x7837a0], sa_mask[0]=0x7ffbfeff, sa_flags=0x10000004
SIGFPE: [libjvm.so+0x647720], sa_mask[0]=0x7ffbfeff, sa_flags=0x10000004
SIGPIPE: [libjvm.so+0x647720], sa_mask[0]=0x7ffbfeff, sa_flags=0x10000004
SIGXFSZ: [libjvm.so+0x647720], sa_mask[0]=0x7ffbfeff, sa_flags=0x10000004
SIGILL: [libjvm.so+0x647720], sa_mask[0]=0x7ffbfeff, sa_flags=0x10000004
SIGUSR1: SIG_DFL, sa_mask[0]=0x00000000, sa_flags=0x00000000
SIGUSR2: [libjvm.so+0x647900], sa_mask[0]=0x00000000, sa_flags=0x10000004
SIGHUP: [libjvm.so+0x64a2d0], sa_mask[0]=0x7ffbfeff, sa_flags=0x10000004
SIGINT: [libjvm.so+0x64a2d0], sa_mask[0]=0x7ffbfeff, sa_flags=0x10000004
SIGTERM: [libjvm.so+0x64a2d0], sa_mask[0]=0x7ffbfeff, sa_flags=0x10000004
SIGQUIT: [libjvm.so+0x64a2d0], sa_mask[0]=0x7ffbfeff, sa_flags=0x10000004


---------------  S Y S T E M  ---------------

OS:Ubuntu 12.04 (precise)
uname:Linux 3.8.0-33-generic #48~precise1-Ubuntu SMP Thu Oct 24 16:28:06 UTC 2013 x86_64
libc:glibc 2.15 NPTL 2.15 
rlimit: STACK 8192k, CORE 0k, NPROC 62729, NOFILE 4096, AS infinity
load average:1.91 0.89 0.34

/proc/meminfo:
MemTotal:        8048216 kB
MemFree:         6515280 kB
Buffers:           49552 kB
Cached:           930844 kB
SwapCached:            0 kB
Active:           465780 kB
Inactive:         892024 kB
Active(anon):     379076 kB
Inactive(anon):   545908 kB
Active(file):      86704 kB
Inactive(file):   346116 kB
Unevictable:          64 kB
Mlocked:              64 kB
SwapTotal:       8256508 kB
SwapFree:        8256508 kB
Dirty:                76 kB
Writeback:             0 kB
AnonPages:        377964 kB
Mapped:           133340 kB
Shmem:            547188 kB
Slab:              63128 kB
SReclaimable:      38992 kB
SUnreclaim:        24136 kB
KernelStack:        3128 kB
PageTables:        23316 kB
NFS_Unstable:          0 kB
Bounce:                0 kB
WritebackTmp:          0 kB
CommitLimit:    12280616 kB
Committed_AS:    2727312 kB
VmallocTotal:   34359738367 kB
VmallocUsed:      361892 kB
VmallocChunk:   34359372812 kB
HardwareCorrupted:     0 kB
AnonHugePages:         0 kB
HugePages_Total:       0
HugePages_Free:        0
HugePages_Rsvd:        0
HugePages_Surp:        0
Hugepagesize:       2048 kB
DirectMap4k:       59392 kB
DirectMap2M:     8220672 kB


CPU:total 4 (2 cores per cpu, 2 threads per core) family 6 model 58 stepping 9, cmov, cx8, fxsr, mmx, sse, sse2, sse3, ssse3, sse4.1, sse4.2, popcnt, ht

Memory: 4k page, physical 8048216k(6515280k free), swap 8256508k(8256508k free)

vm_info: OpenJDK 64-Bit Server VM (20.0-b12) for linux-amd64 JRE (1.6.0_27-b27), built on Jul 17 2013 13:53:24 by "buildd" with gcc 4.6.3

time: Wed Nov 20 17:01:26 2013
elapsed time: 0 seconds

