#
# A fatal error has been detected by the Java Runtime Environment:
#
#  SIGSEGV (0xb) at pc=0x00007f2b7c46bec0, pid=3062, tid=139824902121216
#
# JRE version: 6.0_27-b27
# Java VM: OpenJDK 64-Bit Server VM (20.0-b12 mixed mode linux-amd64 compressed oops)
# Derivative: IcedTea6 1.12.6
# Distribution: Ubuntu 12.04 LTS, package 6b27-1.12.6-1ubuntu0.12.04.2
# Problematic frame:
# C  [_jpype.so+0x2aec0]  JPJavaEnv::GetEnv(JNIEnv_**)+0x0
#
# If you would like to submit a bug report, please include
# instructions how to reproduce the bug and visit:
#   https://bugs.launchpad.net/ubuntu/+source/openjdk-6/
# The crash happened outside the Java Virtual Machine in native code.
# See problematic frame for where to report the bug.
#

---------------  T H R E A D  ---------------

Current thread (0x0000000001ee2800):  JavaThread "main" [_thread_in_native, id=3062, stack(0x00007fff84cf5000,0x00007fff84df5000)]

siginfo:si_signo=SIGSEGV: si_errno=0, si_code=1 (SEGV_MAPERR), si_addr=0x0000000000000008

Registers:
RAX=0x00007f2b7c6cd6c0, RBX=0x0000000001fd5530, RCX=0x3682d0f246257b48, RDX=0x0000000000000000
RSP=0x00007fff84df4058, RBP=0x0000000001ee4220, RSI=0x00007fff84df4068, RDI=0x0000000000000000
R8 =0x0000000000000000, R9 =0x00007f2b859b2030, R10=0x0000000000000000, R11=0x00007f2b84444e50
R12=0x0000000000000000, R13=0x0000000000577280, R14=0x0000000000000000, R15=0x00007f2b859b2e10
RIP=0x00007f2b7c46bec0, EFLAGS=0x0000000000010206, CSGSFS=0x0000000000000033, ERR=0x0000000000000004
  TRAPNO=0x000000000000000e

Top of Stack: (sp=0x00007fff84df4058)
0x00007fff84df4058:   00007f2b7c46befe 00000000019e9e30
0x00007fff84df4068:   00007f2b859b1050 00000000019f5aa0
0x00007fff84df4078:   00007f2b7c46c179 0000000001fe8fd0
0x00007fff84df4088:   00007f2b7c487405 0000000001fe8fd0
0x00007fff84df4098:   00007f2b7c487439 0000000001e4ec38
0x00007fff84df40a8:   000000000057a00c 0000000001ee4300
0x00007fff84df40b8:   000000000054878d 0000000001e990d0
0x00007fff84df40c8:   0000000001e990e0 000000000087fa40
0x00007fff84df40d8:   000000000045d198 0000000001e3e0b8
0x00007fff84df40e8:   0000000001e50fc8 00007f2b859b2e10
0x00007fff84df40f8:   00000000012ee338 00000000012ee270
0x00007fff84df4108:   0000000000000000 0000000001e95570
0x00007fff84df4118:   0000000001e97488 00007f2b859b2e10
0x00007fff84df4128:   000000000054878d 0000000001e50fc8
0x00007fff84df4138:   0000000000000000 0000000000877000
0x00007fff84df4148:   0000000000458d13 0000000001e960c8
0x00007fff84df4158:   0000000001ff9140 0000000001ee3c80
0x00007fff84df4168:   0000000000000005 0000000000577280
0x00007fff84df4178:   0000000000000000 0000000001a60a74
0x00007fff84df4188:   000000000054878d 0000000001e99110
0x00007fff84df4198:   0000000001e99120 000000000087fa40
0x00007fff84df41a8:   000000000045d198 0000000000880fa0
0x00007fff84df41b8:   000000000054e79d 0000000001e97440
0x00007fff84df41c8:   0000000000880fa0 0000000001b06e20
0x00007fff84df41d8:   0000000001a60ab9 0000000001b06c00
0x00007fff84df41e8:   0000000001b06df8 0000000001a60a74
0x00007fff84df41f8:   000000000048ad95 0000000001edb0d0
0x00007fff84df4208:   00000000ffffffff 0000000001b05ba8
0x00007fff84df4218:   000000000054effe 0000000000000000
0x00007fff84df4228:   00000000012530a0 0000000000000002
0x00007fff84df4238:   0000000000000290 e7f55f726886c890
0x00007fff84df4248:   0000003900000027 0000000000000000 

Instructions: (pc=0x00007f2b7c46bec0)
0x00007f2b7c46bea0:   c0 5b c3 90 66 66 66 2e 0f 1f 84 00 00 00 00 00
0x00007f2b7c46beb0:   48 8b 7f 08 48 8b 07 48 8b 40 28 ff e0 90 66 90
0x00007f2b7c46bec0:   48 8b 7f 08 48 85 ff 74 17 48 8b 07 ba 02 00 01
0x00007f2b7c46bed0:   00 48 8b 40 30 ff e0 66 0f 1f 84 00 00 00 00 00 

Register to memory mapping:

RAX=0x00007f2b7c6cd6c0: _ZN5JPEnv6s_JavaE+0 in /usr/local/lib/python2.7/dist-packages/_jpype.so at 0x00007f2b7c441000
RBX=0x0000000001fd5530 is a global jni handle
RCX=0x3682d0f246257b48 is an unknown value
RDX=0x0000000000000000 is an unknown value
RSP=0x00007fff84df4058 is pointing into the stack for thread: 0x0000000001ee2800
RBP=0x0000000001ee4220 is an unknown value
RSI=0x00007fff84df4068 is pointing into the stack for thread: 0x0000000001ee2800
RDI=0x0000000000000000 is an unknown value
R8 =0x0000000000000000 is an unknown value
R9 =0x00007f2b859b2030 is an unknown value
R10=0x0000000000000000 is an unknown value
R11=0x00007f2b84444e50: <offset 0x183e50> in /lib/x86_64-linux-gnu/libc.so.6 at 0x00007f2b842c1000
R12=0x0000000000000000 is an unknown value
R13=0x0000000000577280: <offset 0x177280> in /usr/bin/python at 0x0000000000400000
R14=0x0000000000000000 is an unknown value
R15=0x00007f2b859b2e10 is an unknown value


Stack: [0x00007fff84cf5000,0x00007fff84df5000],  sp=0x00007fff84df4058,  free space=1020k
Native frames: (J=compiled Java code, j=interpreted, Vv=VM code, C=native code)
C  [_jpype.so+0x2aec0]  JPJavaEnv::GetEnv(JNIEnv_**)+0x0


---------------  P R O C E S S  ---------------

Java Threads: ( => current thread )
  0x0000000001fd9800 JavaThread "Thread-0" [_thread_new, id=3077, stack(0x0000000000000000,0x0000000000000000)]
  0x0000000001fc6000 JavaThread "Low Memory Detector" daemon [_thread_blocked, id=3075, stack(0x00007f2b71c52000,0x00007f2b71d53000)]
  0x0000000001fc5000 JavaThread "C2 CompilerThread1" daemon [_thread_blocked, id=3074, stack(0x00007f2b71d53000,0x00007f2b71e54000)]
  0x0000000001fc0000 JavaThread "C2 CompilerThread0" daemon [_thread_blocked, id=3073, stack(0x00007f2b71e54000,0x00007f2b71f55000)]
  0x0000000001fb1800 JavaThread "Signal Dispatcher" daemon [_thread_blocked, id=3072, stack(0x00007f2b71f55000,0x00007f2b72056000)]
  0x0000000001fa1800 JavaThread "Finalizer" daemon [_thread_blocked, id=3071, stack(0x00007f2b72056000,0x00007f2b72157000)]
  0x0000000001f9f800 JavaThread "Reference Handler" daemon [_thread_blocked, id=3070, stack(0x00007f2b72157000,0x00007f2b72258000)]
=>0x0000000001ee2800 JavaThread "main" [_thread_in_native, id=3062, stack(0x00007fff84cf5000,0x00007fff84df5000)]

Other Threads:
  0x0000000001f9b800 VMThread [stack: 0x00007f2b72258000,0x00007f2b72359000] [id=3069]
  0x0000000001fc8000 WatcherThread [stack: 0x00007f2b71b51000,0x00007f2b71c52000] [id=3076]

VM state:not at safepoint (normal execution)

VM Mutex/Monitor currently owned by a thread: None

Heap
 PSYoungGen      total 36736K, used 631K [0x00000007d70b0000, 0x00000007d99a0000, 0x0000000800000000)
  eden space 31552K, 2% used [0x00000007d70b0000,0x00000007d714dc38,0x00000007d8f80000)
  from space 5184K, 0% used [0x00000007d9490000,0x00000007d9490000,0x00000007d99a0000)
  to   space 5184K, 0% used [0x00000007d8f80000,0x00000007d8f80000,0x00000007d9490000)
 PSOldGen        total 83840K, used 0K [0x0000000785200000, 0x000000078a3e0000, 0x00000007d70b0000)
  object space 83840K, 0% used [0x0000000785200000,0x0000000785200000,0x000000078a3e0000)
 PSPermGen       total 21248K, used 2958K [0x000000077ac00000, 0x000000077c0c0000, 0x0000000785200000)
  object space 21248K, 13% used [0x000000077ac00000,0x000000077aee3948,0x000000077c0c0000)

Code Cache  [0x00007f2b733b0000, 0x00007f2b73620000, 0x00007f2b763b0000)
 total_blobs=152 nmethods=0 adapters=120 free_code_cache=49952640 largest_free_block=0

Dynamic libraries:
00400000-00670000 r-xp 00000000 08:01 15992556                           /usr/bin/python2.7
00870000-00871000 r--p 00270000 08:01 15992556                           /usr/bin/python2.7
00871000-008da000 rw-p 00271000 08:01 15992556                           /usr/bin/python2.7
008da000-008ec000 rw-p 00000000 00:00 0 
01253000-02008000 rw-p 00000000 00:00 0                                  [heap]
77ac00000-77c0c0000 rw-p 00000000 00:00 0 
77c0c0000-785200000 rw-p 00000000 00:00 0 
785200000-78a3e0000 rw-p 00000000 00:00 0 
78a3e0000-7d70b0000 rw-p 00000000 00:00 0 
7d70b0000-7d99a0000 rw-p 00000000 00:00 0 
7d99a0000-800000000 rw-p 00000000 00:00 0 
7f2b3c000000-7f2b3c021000 rw-p 00000000 00:00 0 
7f2b3c021000-7f2b40000000 ---p 00000000 00:00 0 
7f2b40000000-7f2b40021000 rw-p 00000000 00:00 0 
7f2b40021000-7f2b44000000 ---p 00000000 00:00 0 
7f2b44000000-7f2b44021000 rw-p 00000000 00:00 0 
7f2b44021000-7f2b48000000 ---p 00000000 00:00 0 
7f2b48000000-7f2b48021000 rw-p 00000000 00:00 0 
7f2b48021000-7f2b4c000000 ---p 00000000 00:00 0 
7f2b4c000000-7f2b4c021000 rw-p 00000000 00:00 0 
7f2b4c021000-7f2b50000000 ---p 00000000 00:00 0 
7f2b50000000-7f2b50021000 rw-p 00000000 00:00 0 
7f2b50021000-7f2b54000000 ---p 00000000 00:00 0 
7f2b54000000-7f2b54021000 rw-p 00000000 00:00 0 
7f2b54021000-7f2b58000000 ---p 00000000 00:00 0 
7f2b58000000-7f2b58021000 rw-p 00000000 00:00 0 
7f2b58021000-7f2b5c000000 ---p 00000000 00:00 0 
7f2b5c000000-7f2b5c021000 rw-p 00000000 00:00 0 
7f2b5c021000-7f2b60000000 ---p 00000000 00:00 0 
7f2b60000000-7f2b60021000 rw-p 00000000 00:00 0 
7f2b60021000-7f2b64000000 ---p 00000000 00:00 0 
7f2b64000000-7f2b64021000 rw-p 00000000 00:00 0 
7f2b64021000-7f2b68000000 ---p 00000000 00:00 0 
7f2b68000000-7f2b68021000 rw-p 00000000 00:00 0 
7f2b68021000-7f2b6c000000 ---p 00000000 00:00 0 
7f2b6c000000-7f2b6c021000 rw-p 00000000 00:00 0 
7f2b6c021000-7f2b70000000 ---p 00000000 00:00 0 
7f2b71a50000-7f2b71a53000 ---p 00000000 00:00 0 
7f2b71a53000-7f2b71b51000 rwxp 00000000 00:00 0                          [stack:3077]
7f2b71b51000-7f2b71b52000 ---p 00000000 00:00 0 
7f2b71b52000-7f2b71c52000 rwxp 00000000 00:00 0                          [stack:3076]
7f2b71c52000-7f2b71c55000 ---p 00000000 00:00 0 
7f2b71c55000-7f2b71d53000 rwxp 00000000 00:00 0                          [stack:3075]
7f2b71d53000-7f2b71d56000 ---p 00000000 00:00 0 
7f2b71d56000-7f2b71e54000 rwxp 00000000 00:00 0                          [stack:3074]
7f2b71e54000-7f2b71e57000 ---p 00000000 00:00 0 
7f2b71e57000-7f2b71f55000 rwxp 00000000 00:00 0                          [stack:3073]
7f2b71f55000-7f2b71f58000 ---p 00000000 00:00 0 
7f2b71f58000-7f2b72056000 rwxp 00000000 00:00 0                          [stack:3072]
7f2b72056000-7f2b72059000 ---p 00000000 00:00 0 
7f2b72059000-7f2b72157000 rwxp 00000000 00:00 0                          [stack:3071]
7f2b72157000-7f2b7215a000 ---p 00000000 00:00 0 
7f2b7215a000-7f2b72258000 rwxp 00000000 00:00 0                          [stack:3070]
7f2b72258000-7f2b72259000 ---p 00000000 00:00 0 
7f2b72259000-7f2b72359000 rwxp 00000000 00:00 0                          [stack:3069]
7f2b72359000-7f2b7285e000 rw-p 00000000 00:00 0 
7f2b7285e000-7f2b729f2000 r--s 03807000 08:01 17962120                   /usr/lib/jvm/java-6-openjdk-amd64/jre/lib/rt.jar
7f2b729f2000-7f2b729f3000 ---p 00000000 00:00 0 
7f2b729f3000-7f2b72af3000 rwxp 00000000 00:00 0                          [stack:3068]
7f2b72af3000-7f2b72af4000 ---p 00000000 00:00 0 
7f2b72af4000-7f2b72bf4000 rwxp 00000000 00:00 0                          [stack:3067]
7f2b72bf4000-7f2b72bf5000 ---p 00000000 00:00 0 
7f2b72bf5000-7f2b72cf5000 rwxp 00000000 00:00 0                          [stack:3066]
7f2b72cf5000-7f2b72d1e000 rw-p 00000000 00:00 0 
7f2b72d1e000-7f2b72f85000 rw-p 00000000 00:00 0 
7f2b72f85000-7f2b72f90000 rw-p 00000000 00:00 0 
7f2b72f90000-7f2b72fd8000 rw-p 00000000 00:00 0 
7f2b72fd8000-7f2b73001000 rw-p 00000000 00:00 0 
7f2b73001000-7f2b73267000 rw-p 00000000 00:00 0 
7f2b73267000-7f2b7327c000 rw-p 00000000 00:00 0 
7f2b7327c000-7f2b733af000 rw-p 00000000 00:00 0 
7f2b733af000-7f2b733b0000 rw-p 00000000 00:00 0 
7f2b733b0000-7f2b73620000 rwxp 00000000 00:00 0 
7f2b73620000-7f2b763b0000 rw-p 00000000 00:00 0 
7f2b763b0000-7f2b763b7000 r-xp 00000000 08:01 18483253                   /usr/lib/jvm/java-6-openjdk-amd64/jre/lib/amd64/libzip.so
7f2b763b7000-7f2b765b6000 ---p 00007000 08:01 18483253                   /usr/lib/jvm/java-6-openjdk-amd64/jre/lib/amd64/libzip.so
7f2b765b6000-7f2b765b7000 r--p 00006000 08:01 18483253                   /usr/lib/jvm/java-6-openjdk-amd64/jre/lib/amd64/libzip.so
7f2b765b7000-7f2b765b8000 rw-p 00007000 08:01 18483253                   /usr/lib/jvm/java-6-openjdk-amd64/jre/lib/amd64/libzip.so
7f2b765b8000-7f2b765c4000 r-xp 00000000 08:01 26738730                   /lib/x86_64-linux-gnu/libnss_files-2.15.so
7f2b765c4000-7f2b767c3000 ---p 0000c000 08:01 26738730                   /lib/x86_64-linux-gnu/libnss_files-2.15.so
7f2b767c3000-7f2b767c4000 r--p 0000b000 08:01 26738730                   /lib/x86_64-linux-gnu/libnss_files-2.15.so
7f2b767c4000-7f2b767c5000 rw-p 0000c000 08:01 26738730                   /lib/x86_64-linux-gnu/libnss_files-2.15.so
7f2b767c5000-7f2b767cf000 r-xp 00000000 08:01 26738761                   /lib/x86_64-linux-gnu/libnss_nis-2.15.so
7f2b767cf000-7f2b769cf000 ---p 0000a000 08:01 26738761                   /lib/x86_64-linux-gnu/libnss_nis-2.15.so
7f2b769cf000-7f2b769d0000 r--p 0000a000 08:01 26738761                   /lib/x86_64-linux-gnu/libnss_nis-2.15.so
7f2b769d0000-7f2b769d1000 rw-p 0000b000 08:01 26738761                   /lib/x86_64-linux-gnu/libnss_nis-2.15.so
7f2b769d1000-7f2b769e8000 r-xp 00000000 08:01 26742379                   /lib/x86_64-linux-gnu/libnsl-2.15.so
7f2b769e8000-7f2b76be7000 ---p 00017000 08:01 26742379                   /lib/x86_64-linux-gnu/libnsl-2.15.so
7f2b76be7000-7f2b76be8000 r--p 00016000 08:01 26742379                   /lib/x86_64-linux-gnu/libnsl-2.15.so
7f2b76be8000-7f2b76be9000 rw-p 00017000 08:01 26742379                   /lib/x86_64-linux-gnu/libnsl-2.15.so
7f2b76be9000-7f2b76beb000 rw-p 00000000 00:00 0 
7f2b76beb000-7f2b76bf3000 r-xp 00000000 08:01 26738728                   /lib/x86_64-linux-gnu/libnss_compat-2.15.so
7f2b76bf3000-7f2b76df2000 ---p 00008000 08:01 26738728                   /lib/x86_64-linux-gnu/libnss_compat-2.15.so
7f2b76df2000-7f2b76df3000 r--p 00007000 08:01 26738728                   /lib/x86_64-linux-gnu/libnss_compat-2.15.so
7f2b76df3000-7f2b76df4000 rw-p 00008000 08:01 26738728                   /lib/x86_64-linux-gnu/libnss_compat-2.15.so
7f2b76df4000-7f2b76e20000 r-xp 00000000 08:01 18483252                   /usr/lib/jvm/java-6-openjdk-amd64/jre/lib/amd64/libjava.so
7f2b76e20000-7f2b7701f000 ---p 0002c000 08:01 18483252                   /usr/lib/jvm/java-6-openjdk-amd64/jre/lib/amd64/libjava.so
7f2b7701f000-7f2b77020000 r--p 0002b000 08:01 18483252                   /usr/lib/jvm/java-6-openjdk-amd64/jre/lib/amd64/libjava.so
7f2b77020000-7f2b77023000 rw-p 0002c000 08:01 18483252                   /usr/lib/jvm/java-6-openjdk-amd64/jre/lib/amd64/libjava.so
7f2b77023000-7f2b77031000 r-xp 00000000 08:01 18483277                   /usr/lib/jvm/java-6-openjdk-amd64/jre/lib/amd64/libverify.so
7f2b77031000-7f2b77230000 ---p 0000e000 08:01 18483277                   /usr/lib/jvm/java-6-openjdk-amd64/jre/lib/amd64/libverify.so
7f2b77230000-7f2b77232000 r--p 0000d000 08:01 18483277                   /usr/lib/jvm/java-6-openjdk-amd64/jre/lib/amd64/libverify.so
7f2b77232000-7f2b77233000 rw-p 0000f000 08:01 18483277                   /usr/lib/jvm/java-6-openjdk-amd64/jre/lib/amd64/libverify.so
7f2b77233000-7f2b7723a000 r-xp 00000000 08:01 26738760                   /lib/x86_64-linux-gnu/librt-2.15.so
7f2b7723a000-7f2b77439000 ---p 00007000 08:01 26738760                   /lib/x86_64-linux-gnu/librt-2.15.so
7f2b77439000-7f2b7743a000 r--p 00006000 08:01 26738760                   /lib/x86_64-linux-gnu/librt-2.15.so
7f2b7743a000-7f2b7743b000 rw-p 00007000 08:01 26738760                   /lib/x86_64-linux-gnu/librt-2.15.so
7f2b7743b000-7f2b77d3b000 r-xp 00000000 08:01 18483267                   /usr/lib/jvm/java-6-openjdk-amd64/jre/lib/amd64/server/libjvm.so
7f2b77d3b000-7f2b77f3b000 ---p 00900000 08:01 18483267                   /usr/lib/jvm/java-6-openjdk-amd64/jre/lib/amd64/server/libjvm.so
7f2b77f3b000-7f2b77fbc000 r--p 00900000 08:01 18483267                   /usr/lib/jvm/java-6-openjdk-amd64/jre/lib/amd64/server/libjvm.so
7f2b77fbc000-7f2b77fd7000 rw-p 00981000 08:01 18483267                   /usr/lib/jvm/java-6-openjdk-amd64/jre/lib/amd64/server/libjvm.so
7f2b77fd7000-7f2b78000000 rw-p 00000000 00:00 0 
7f2b78000000-7f2b78021000 rw-p 00000000 00:00 0 
7f2b78021000-7f2b7c000000 ---p 00000000 00:00 0 
7f2b7c040000-7f2b7c041000 ---p 00000000 00:00 0 
7f2b7c041000-7f2b7c141000 rwxp 00000000 00:00 0                          [stack:3065]
7f2b7c141000-7f2b7c223000 r-xp 00000000 08:01 15998438                   /usr/lib/x86_64-linux-gnu/libstdc++.so.6.0.16
7f2b7c223000-7f2b7c422000 ---p 000e2000 08:01 15998438                   /usr/lib/x86_64-linux-gnu/libstdc++.so.6.0.16
7f2b7c422000-7f2b7c42a000 r--p 000e1000 08:01 15998438                   /usr/lib/x86_64-linux-gnu/libstdc++.so.6.0.16
7f2b7c42a000-7f2b7c42c000 rw-p 000e9000 08:01 15998438                   /usr/lib/x86_64-linux-gnu/libstdc++.so.6.0.16
7f2b7c42c000-7f2b7c441000 rw-p 00000000 00:00 0 
7f2b7c441000-7f2b7c4c9000 r-xp 00000000 08:01 16254111                   /usr/local/lib/python2.7/dist-packages/_jpype.so
7f2b7c4c9000-7f2b7c6c8000 ---p 00088000 08:01 16254111                   /usr/local/lib/python2.7/dist-packages/_jpype.so
7f2b7c6c8000-7f2b7c6cb000 r--p 00087000 08:01 16254111                   /usr/local/lib/python2.7/dist-packages/_jpype.so
7f2b7c6cb000-7f2b7c6ce000 rw-p 0008a000 08:01 16254111                   /usr/local/lib/python2.7/dist-packages/_jpype.so
7f2b7c6ce000-7f2b7c6cf000 ---p 00000000 00:00 0 
7f2b7c6cf000-7f2b7cecf000 rwxp 00000000 00:00 0                          [stack:3064]
7f2b7cecf000-7f2b7cf0d000 r-xp 00000000 08:01 15998251                   /usr/lib/x86_64-linux-gnu/libjpeg.so.8.0.2
7f2b7cf0d000-7f2b7d10d000 ---p 0003e000 08:01 15998251                   /usr/lib/x86_64-linux-gnu/libjpeg.so.8.0.2
7f2b7d10d000-7f2b7d10e000 r--p 0003e000 08:01 15998251                   /usr/lib/x86_64-linux-gnu/libjpeg.so.8.0.2
7f2b7d10e000-7f2b7d10f000 rw-p 0003f000 08:01 15998251                   /usr/lib/x86_64-linux-gnu/libjpeg.so.8.0.2
7f2b7d10f000-7f2b7d11f000 rw-p 00000000 00:00 0 
7f2b7d11f000-7f2b7d15b000 r-xp 00000000 08:01 16124050                   /usr/lib/python2.7/dist-packages/PIL/_imaging.so
7f2b7d15b000-7f2b7d35a000 ---p 0003c000 08:01 16124050                   /usr/lib/python2.7/dist-packages/PIL/_imaging.so
7f2b7d35a000-7f2b7d35d000 r--p 0003b000 08:01 16124050                   /usr/lib/python2.7/dist-packages/PIL/_imaging.so
7f2b7d35d000-7f2b7d360000 rw-p 0003e000 08:01 16124050                   /usr/lib/python2.7/dist-packages/PIL/_imaging.so
7f2b7d360000-7f2b7db76000 r--p 00000000 08:01 15997183                   /usr/lib/locale/locale-archive
7f2b7db76000-7f2b7db8a000 r-xp 00000000 08:01 16122696                   /usr/lib/python2.7/lib-dynload/datetime.so
7f2b7db8a000-7f2b7dd89000 ---p 00014000 08:01 16122696                   /usr/lib/python2.7/lib-dynload/datetime.so
7f2b7dd89000-7f2b7dd8a000 r--p 00013000 08:01 16122696                   /usr/lib/python2.7/lib-dynload/datetime.so
7f2b7dd8a000-7f2b7dd8e000 rw-p 00014000 08:01 16122696                   /usr/lib/python2.7/lib-dynload/datetime.so
7f2b7dd8e000-7f2b7ddaf000 r-xp 00000000 08:01 16122709                   /usr/lib/python2.7/lib-dynload/_ctypes.so
7f2b7ddaf000-7f2b7dfae000 ---p 00021000 08:01 16122709                   /usr/lib/python2.7/lib-dynload/_ctypes.so
7f2b7dfae000-7f2b7dfaf000 r--p 00020000 08:01 16122709                   /usr/lib/python2.7/lib-dynload/_ctypes.so
7f2b7dfaf000-7f2b7dfb3000 rw-p 00021000 08:01 16122709                   /usr/lib/python2.7/lib-dynload/_ctypes.so
7f2b7dfb3000-7f2b7dfb4000 rw-p 00000000 00:00 0 
7f2b7dfb4000-7f2b7dff6000 r-xp 00000000 08:01 19532150                   /usr/lib/python2.7/dist-packages/numpy/random/mtrand.so
7f2b7dff6000-7f2b7e1f5000 ---p 00042000 08:01 19532150                   /usr/lib/python2.7/dist-packages/numpy/random/mtrand.so
7f2b7e1f5000-7f2b7e1f6000 r--p 00041000 08:01 19532150                   /usr/lib/python2.7/dist-packages/numpy/random/mtrand.so
7f2b7e1f6000-7f2b7e22b000 rw-p 00042000 08:01 19532150                   /usr/lib/python2.7/dist-packages/numpy/random/mtrand.so
7f2b7e22b000-7f2b7e234000 r-xp 00000000 08:01 19532136                   /usr/lib/python2.7/dist-packages/numpy/fft/fftpack_lite.so
7f2b7e234000-7f2b7e433000 ---p 00009000 08:01 19532136                   /usr/lib/python2.7/dist-packages/numpy/fft/fftpack_lite.so
7f2b7e433000-7f2b7e434000 r--p 00008000 08:01 19532136                   /usr/lib/python2.7/dist-packages/numpy/fft/fftpack_lite.so
7f2b7e434000-7f2b7e435000 rw-p 00009000 08:01 19532136                   /usr/lib/python2.7/dist-packages/numpy/fft/fftpack_lite.so
7f2b7e435000-7f2b7e46a000 r-xp 00000000 08:01 15998382                   /usr/lib/x86_64-linux-gnu/libquadmath.so.0.0.0
7f2b7e46a000-7f2b7e669000 ---p 00035000 08:01 15998382                   /usr/lib/x86_64-linux-gnu/libquadmath.so.0.0.0
7f2b7e669000-7f2b7e66a000 r--p 00034000 08:01 15998382                   /usr/lib/x86_64-linux-gnu/libquadmath.so.0.0.0
7f2b7e66a000-7f2b7e66b000 rw-p 00035000 08:01 15998382                   /usr/lib/x86_64-linux-gnu/libquadmath.so.0.0.0
7f2b7e66b000-7f2b7ef50000 r-xp 00000000 08:01 16125497                   /usr/lib/lapack/liblapack.so.3gf.0
7f2b7ef50000-7f2b7f14f000 ---p 008e5000 08:01 16125497                   /usr/lib/lapack/liblapack.so.3gf.0
7f2b7f14f000-7f2b7f150000 r--p 008e4000 08:01 16125497                   /usr/lib/lapack/liblapack.so.3gf.0
7f2b7f150000-7f2b7f154000 rw-p 008e5000 08:01 16125497                   /usr/lib/lapack/liblapack.so.3gf.0
7f2b7f154000-7f2b81261000 rw-p 00000000 00:00 0 
7f2b8126a000-7f2b81274000 rw-p 00000000 00:00 0 
7f2b81274000-7f2b8132a000 rw-p 00000000 00:00 0 
7f2b8132a000-7f2b8136b000 rw-p 00000000 00:00 0 
7f2b8139a000-7f2b813a5000 rw-p 00000000 00:00 0 
7f2b813a5000-7f2b813ed000 rw-p 00000000 00:00 0 
7f2b813ed000-7f2b8142e000 rw-p 00000000 00:00 0 
7f2b8142e000-7f2b81542000 r-xp 00000000 08:01 15995213                   /usr/lib/x86_64-linux-gnu/libgfortran.so.3.0.0
7f2b81542000-7f2b81742000 ---p 00114000 08:01 15995213                   /usr/lib/x86_64-linux-gnu/libgfortran.so.3.0.0
7f2b81742000-7f2b81743000 r--p 00114000 08:01 15995213                   /usr/lib/x86_64-linux-gnu/libgfortran.so.3.0.0
7f2b81743000-7f2b81745000 rw-p 00115000 08:01 15995213                   /usr/lib/x86_64-linux-gnu/libgfortran.so.3.0.0
7f2b81745000-7f2b8174a000 r-xp 00000000 08:01 19532143                   /usr/lib/python2.7/dist-packages/numpy/linalg/lapack_lite.so
7f2b8174a000-7f2b8194a000 ---p 00005000 08:01 19532143                   /usr/lib/python2.7/dist-packages/numpy/linalg/lapack_lite.so
7f2b8194a000-7f2b8194b000 r--p 00005000 08:01 19532143                   /usr/lib/python2.7/dist-packages/numpy/linalg/lapack_lite.so
7f2b8194b000-7f2b8194c000 rw-p 00006000 08:01 19532143                   /usr/lib/python2.7/dist-packages/numpy/linalg/lapack_lite.so
7f2b8194c000-7f2b81952000 r-xp 00000000 08:01 19532139                   /usr/lib/python2.7/dist-packages/numpy/lib/_compiled_base.so
7f2b81952000-7f2b81b51000 ---p 00006000 08:01 19532139                   /usr/lib/python2.7/dist-packages/numpy/lib/_compiled_base.so
7f2b81b51000-7f2b81b52000 r--p 00005000 08:01 19532139                   /usr/lib/python2.7/dist-packages/numpy/lib/_compiled_base.so
7f2b81b52000-7f2b81b53000 rw-p 00006000 08:01 19532139                   /usr/lib/python2.7/dist-packages/numpy/lib/_compiled_base.so
7f2b81b53000-7f2b81bd5000 rw-p 00000000 00:00 0 
7f2b81bd5000-7f2b81bff000 r-xp 00000000 08:01 19532125                   /usr/lib/python2.7/dist-packages/numpy/core/scalarmath.so
7f2b81bff000-7f2b81dfe000 ---p 0002a000 08:01 19532125                   /usr/lib/python2.7/dist-packages/numpy/core/scalarmath.so
7f2b81dfe000-7f2b81dff000 r--p 00029000 08:01 19532125                   /usr/lib/python2.7/dist-packages/numpy/core/scalarmath.so
7f2b81dff000-7f2b81e01000 rw-p 0002a000 08:01 19532125                   /usr/lib/python2.7/dist-packages/numpy/core/scalarmath.so
7f2b81e01000-7f2b81e42000 rw-p 00000000 00:00 0 
7f2b81e42000-7f2b830c4000 r-xp 00000000 08:01 16124599                   /usr/lib/openblas-base/libopenblas.so.0
7f2b830c4000-7f2b832c4000 ---p 01282000 08:01 16124599                   /usr/lib/openblas-base/libopenblas.so.0
7f2b832c4000-7f2b832cb000 r--p 01282000 08:01 16124599                   /usr/lib/openblas-base/libopenblas.so.0
7f2b832cb000-7f2b832d9000 rw-p 01289000 08:01 16124599                   /usr/lib/openblas-base/libopenblas.so.0
7f2b832d9000-7f2b832e1000 rw-p 00000000 00:00 0 
7f2b832e1000-7f2b832e6000 r-xp 00000000 08:01 19532121                   /usr/lib/python2.7/dist-packages/numpy/core/_dotblas.so
7f2b832e6000-7f2b834e5000 ---p 00005000 08:01 19532121                   /usr/lib/python2.7/dist-packages/numpy/core/_dotblas.so
7f2b834e5000-7f2b834e6000 r--p 00004000 08:01 19532121                   /usr/lib/python2.7/dist-packages/numpy/core/_dotblas.so
7f2b834e6000-7f2b834e7000 rw-p 00005000 08:01 19532121                   /usr/lib/python2.7/dist-packages/numpy/core/_dotblas.so
7f2b834e7000-7f2b834ff000 r-xp 00000000 08:01 19532122                   /usr/lib/python2.7/dist-packages/numpy/core/_sort.so
7f2b834ff000-7f2b836fe000 ---p 00018000 08:01 19532122                   /usr/lib/python2.7/dist-packages/numpy/core/_sort.so
7f2b836fe000-7f2b836ff000 r--p 00017000 08:01 19532122                   /usr/lib/python2.7/dist-packages/numpy/core/_sort.so
7f2b836ff000-7f2b83700000 rw-p 00018000 08:01 19532122                   /usr/lib/python2.7/dist-packages/numpy/core/_sort.so
7f2b83700000-7f2b83741000 rw-p 00000000 00:00 0 
7f2b83741000-7f2b83794000 r-xp 00000000 08:01 19532126                   /usr/lib/python2.7/dist-packages/numpy/core/umath.so
7f2b83794000-7f2b83993000 ---p 00053000 08:01 19532126                   /usr/lib/python2.7/dist-packages/numpy/core/umath.so
7f2b83993000-7f2b83994000 r--p 00052000 08:01 19532126                   /usr/lib/python2.7/dist-packages/numpy/core/umath.so
7f2b83994000-7f2b83998000 rw-p 00053000 08:01 19532126                   /usr/lib/python2.7/dist-packages/numpy/core/umath.so
7f2b83998000-7f2b8399a000 rw-p 00000000 00:00 0 
7f2b8399a000-7f2b83a91000 r-xp 00000000 08:01 19532123                   /usr/lib/python2.7/dist-packages/numpy/core/multiarray.so
7f2b83a91000-7f2b83c90000 ---p 000f7000 08:01 19532123                   /usr/lib/python2.7/dist-packages/numpy/core/multiarray.so
7f2b83c90000-7f2b83c92000 r--p 000f6000 08:01 19532123                   /usr/lib/python2.7/dist-packages/numpy/core/multiarray.so
7f2b83c92000-7f2b83c9f000 rw-p 000f8000 08:01 19532123                   /usr/lib/python2.7/dist-packages/numpy/core/multiarray.so
7f2b83c9f000-7f2b83ea6000 rw-p 00000000 00:00 0 
7f2b83ea6000-7f2b83ea9000 r-xp 00000000 08:01 16122711                   /usr/lib/python2.7/lib-dynload/_heapq.so
7f2b83ea9000-7f2b840a8000 ---p 00003000 08:01 16122711                   /usr/lib/python2.7/lib-dynload/_heapq.so
7f2b840a8000-7f2b840a9000 r--p 00002000 08:01 16122711                   /usr/lib/python2.7/lib-dynload/_heapq.so
7f2b840a9000-7f2b840ab000 rw-p 00003000 08:01 16122711                   /usr/lib/python2.7/lib-dynload/_heapq.so
7f2b840ab000-7f2b840c0000 r-xp 00000000 08:01 26742278                   /lib/x86_64-linux-gnu/libgcc_s.so.1
7f2b840c0000-7f2b842bf000 ---p 00015000 08:01 26742278                   /lib/x86_64-linux-gnu/libgcc_s.so.1
7f2b842bf000-7f2b842c0000 r--p 00014000 08:01 26742278                   /lib/x86_64-linux-gnu/libgcc_s.so.1
7f2b842c0000-7f2b842c1000 rw-p 00015000 08:01 26742278                   /lib/x86_64-linux-gnu/libgcc_s.so.1
7f2b842c1000-7f2b84476000 r-xp 00000000 08:01 26738726                   /lib/x86_64-linux-gnu/libc-2.15.so
7f2b84476000-7f2b84676000 ---p 001b5000 08:01 26738726                   /lib/x86_64-linux-gnu/libc-2.15.so
7f2b84676000-7f2b8467a000 r--p 001b5000 08:01 26738726                   /lib/x86_64-linux-gnu/libc-2.15.so
7f2b8467a000-7f2b8467c000 rw-p 001b9000 08:01 26738726                   /lib/x86_64-linux-gnu/libc-2.15.so
7f2b8467c000-7f2b84681000 rw-p 00000000 00:00 0 
7f2b84681000-7f2b8477c000 r-xp 00000000 08:01 26742370                   /lib/x86_64-linux-gnu/libm-2.15.so
7f2b8477c000-7f2b8497b000 ---p 000fb000 08:01 26742370                   /lib/x86_64-linux-gnu/libm-2.15.so
7f2b8497b000-7f2b8497c000 r--p 000fa000 08:01 26742370                   /lib/x86_64-linux-gnu/libm-2.15.so
7f2b8497c000-7f2b8497d000 rw-p 000fb000 08:01 26742370                   /lib/x86_64-linux-gnu/libm-2.15.so
7f2b8497d000-7f2b84993000 r-xp 00000000 08:01 26742368                   /lib/x86_64-linux-gnu/libz.so.1.2.3.4
7f2b84993000-7f2b84b92000 ---p 00016000 08:01 26742368                   /lib/x86_64-linux-gnu/libz.so.1.2.3.4
7f2b84b92000-7f2b84b93000 r--p 00015000 08:01 26742368                   /lib/x86_64-linux-gnu/libz.so.1.2.3.4
7f2b84b93000-7f2b84b94000 rw-p 00016000 08:01 26742368                   /lib/x86_64-linux-gnu/libz.so.1.2.3.4
7f2b84b94000-7f2b84d45000 r-xp 00000000 08:01 26738747                   /lib/x86_64-linux-gnu/libcrypto.so.1.0.0
7f2b84d45000-7f2b84f45000 ---p 001b1000 08:01 26738747                   /lib/x86_64-linux-gnu/libcrypto.so.1.0.0
7f2b84f45000-7f2b84f60000 r--p 001b1000 08:01 26738747                   /lib/x86_64-linux-gnu/libcrypto.so.1.0.0
7f2b84f60000-7f2b84f6b000 rw-p 001cc000 08:01 26738747                   /lib/x86_64-linux-gnu/libcrypto.so.1.0.0
7f2b84f6b000-7f2b84f6f000 rw-p 00000000 00:00 0 
7f2b84f6f000-7f2b84fc3000 r-xp 00000000 08:01 26738748                   /lib/x86_64-linux-gnu/libssl.so.1.0.0
7f2b84fc3000-7f2b851c3000 ---p 00054000 08:01 26738748                   /lib/x86_64-linux-gnu/libssl.so.1.0.0
7f2b851c3000-7f2b851c6000 r--p 00054000 08:01 26738748                   /lib/x86_64-linux-gnu/libssl.so.1.0.0
7f2b851c6000-7f2b851cc000 rw-p 00057000 08:01 26738748                   /lib/x86_64-linux-gnu/libssl.so.1.0.0
7f2b851cc000-7f2b851cd000 rw-p 00000000 00:00 0 
7f2b851cd000-7f2b851cf000 r-xp 00000000 08:01 26738725                   /lib/x86_64-linux-gnu/libutil-2.15.so
7f2b851cf000-7f2b853ce000 ---p 00002000 08:01 26738725                   /lib/x86_64-linux-gnu/libutil-2.15.so
7f2b853ce000-7f2b853cf000 r--p 00001000 08:01 26738725                   /lib/x86_64-linux-gnu/libutil-2.15.so
7f2b853cf000-7f2b853d0000 rw-p 00002000 08:01 26738725                   /lib/x86_64-linux-gnu/libutil-2.15.so
7f2b853d0000-7f2b853d2000 r-xp 00000000 08:01 26742374                   /lib/x86_64-linux-gnu/libdl-2.15.so
7f2b853d2000-7f2b855d2000 ---p 00002000 08:01 26742374                   /lib/x86_64-linux-gnu/libdl-2.15.so
7f2b855d2000-7f2b855d3000 r--p 00002000 08:01 26742374                   /lib/x86_64-linux-gnu/libdl-2.15.so
7f2b855d3000-7f2b855d4000 rw-p 00003000 08:01 26742374                   /lib/x86_64-linux-gnu/libdl-2.15.so
7f2b855d4000-7f2b855ec000 r-xp 00000000 08:01 26742188                   /lib/x86_64-linux-gnu/libpthread-2.15.so
7f2b855ec000-7f2b857eb000 ---p 00018000 08:01 26742188                   /lib/x86_64-linux-gnu/libpthread-2.15.so
7f2b857eb000-7f2b857ec000 r--p 00017000 08:01 26742188                   /lib/x86_64-linux-gnu/libpthread-2.15.so
7f2b857ec000-7f2b857ed000 rw-p 00018000 08:01 26742188                   /lib/x86_64-linux-gnu/libpthread-2.15.so
7f2b857ed000-7f2b857f1000 rw-p 00000000 00:00 0 
7f2b857f1000-7f2b85813000 r-xp 00000000 08:01 26742371                   /lib/x86_64-linux-gnu/ld-2.15.so
7f2b8583a000-7f2b8593e000 rw-p 00000000 00:00 0 
7f2b8596a000-7f2b8596d000 r--s 00077000 08:01 15993232                   /usr/lib/jvm/java-6-openjdk-common/jre/lib/ext/localedata.jar
7f2b8596d000-7f2b8596e000 rw-s 00000000 00:04 62128141                   /SYSV00510510 (deleted)
7f2b8596e000-7f2b8596f000 rw-s 00000000 00:04 125927431                  /SYSV00000000 (deleted)
7f2b8596f000-7f2b859f7000 rw-p 00000000 00:00 0 
7f2b859f9000-7f2b859fd000 r--s 00039000 08:01 15993230                   /usr/lib/jvm/java-6-openjdk-common/jre/lib/ext/sunpkcs11.jar
7f2b859fd000-7f2b85a00000 r--s 00031000 08:01 15993234                   /usr/lib/jvm/java-6-openjdk-common/jre/lib/ext/sunjce_provider.jar
7f2b85a00000-7f2b85a02000 r--s 0000f000 08:01 15993231                   /usr/lib/jvm/java-6-openjdk-common/jre/lib/ext/pulse-java.jar
7f2b85a02000-7f2b85a03000 r--s 00007000 08:01 16260293                   /usr/share/java/java-atk-wrapper.jar
7f2b85a03000-7f2b85a05000 r--s 00001000 08:01 15993233                   /usr/lib/jvm/java-6-openjdk-common/jre/lib/ext/dnsns.jar
7f2b85a05000-7f2b85a0d000 rw-s 00000000 08:01 5899543                    /tmp/hsperfdata_mfeys/3062
7f2b85a0d000-7f2b85a0e000 rw-p 00000000 00:00 0 
7f2b85a0e000-7f2b85a0f000 r--p 00000000 00:00 0 
7f2b85a0f000-7f2b85a10000 rw-p 00000000 00:00 0 
7f2b85a10000-7f2b85a11000 rwxp 00000000 00:00 0 
7f2b85a11000-7f2b85a13000 rw-p 00000000 00:00 0 
7f2b85a13000-7f2b85a14000 r--p 00022000 08:01 26742371                   /lib/x86_64-linux-gnu/ld-2.15.so
7f2b85a14000-7f2b85a16000 rw-p 00023000 08:01 26742371                   /lib/x86_64-linux-gnu/ld-2.15.so
7fff84cf5000-7fff84cf8000 ---p 00000000 00:00 0 
7fff84cf9000-7fff84df5000 rwxp 00000000 00:00 0                          [stack]
7fff84df5000-7fff84df7000 rw-p 00000000 00:00 0 
7fff84dfe000-7fff84e00000 r-xp 00000000 00:00 0                          [vdso]
ffffffffff600000-ffffffffff601000 r-xp 00000000 00:00 0                  [vsyscall]

VM Arguments:
jvm_args: -ea 
java_command: <unknown>
Launcher Type: generic

Environment Variables:
PATH=/usr/lib/lightdm/lightdm:/usr/local/sbin:/usr/local/bin:/usr/sbin:/usr/bin:/sbin:/bin:/usr/games
SHELL=/bin/bash
DISPLAY=:0

Signal Handlers:
SIGSEGV: [libjvm.so+0x7837a0], sa_mask[0]=0x7ffbfeff, sa_flags=0x10000004
SIGBUS: [libjvm.so+0x7837a0], sa_mask[0]=0x7ffbfeff, sa_flags=0x10000004
SIGFPE: [libjvm.so+0x647720], sa_mask[0]=0x7ffbfeff, sa_flags=0x10000004
SIGPIPE: [libjvm.so+0x647720], sa_mask[0]=0x7ffbfeff, sa_flags=0x10000004
SIGXFSZ: [libjvm.so+0x647720], sa_mask[0]=0x7ffbfeff, sa_flags=0x10000004
SIGILL: [libjvm.so+0x647720], sa_mask[0]=0x7ffbfeff, sa_flags=0x10000004
SIGUSR1: SIG_DFL, sa_mask[0]=0x00000000, sa_flags=0x00000000
SIGUSR2: [libjvm.so+0x647900], sa_mask[0]=0x00000000, sa_flags=0x10000004
SIGHUP: [libjvm.so+0x64a2d0], sa_mask[0]=0x7ffbfeff, sa_flags=0x10000004
SIGINT: [libjvm.so+0x64a2d0], sa_mask[0]=0x7ffbfeff, sa_flags=0x10000004
SIGTERM: [libjvm.so+0x64a2d0], sa_mask[0]=0x7ffbfeff, sa_flags=0x10000004
SIGQUIT: [libjvm.so+0x64a2d0], sa_mask[0]=0x7ffbfeff, sa_flags=0x10000004


---------------  S Y S T E M  ---------------

OS:Ubuntu 12.04 (precise)
uname:Linux 3.8.0-33-generic #48~precise1-Ubuntu SMP Thu Oct 24 16:28:06 UTC 2013 x86_64
libc:glibc 2.15 NPTL 2.15 
rlimit: STACK 8192k, CORE 0k, NPROC 62729, NOFILE 4096, AS infinity
load average:1.73 1.78 1.45

/proc/meminfo:
MemTotal:        8048216 kB
MemFree:          329624 kB
Buffers:          127904 kB
Cached:          4146800 kB
SwapCached:            8 kB
Active:          3166732 kB
Inactive:        3944760 kB
Active(anon):    2501124 kB
Inactive(anon):  1061080 kB
Active(file):     665608 kB
Inactive(file):  2883680 kB
Unevictable:          96 kB
Mlocked:              96 kB
SwapTotal:       8256508 kB
SwapFree:        8249816 kB
Dirty:               424 kB
Writeback:             0 kB
AnonPages:       2836812 kB
Mapped:           321744 kB
Shmem:            725384 kB
Slab:             436084 kB
SReclaimable:     391744 kB
SUnreclaim:        44340 kB
KernelStack:        6144 kB
PageTables:        69100 kB
NFS_Unstable:          0 kB
Bounce:                0 kB
WritebackTmp:          0 kB
CommitLimit:    12280616 kB
Committed_AS:   10483672 kB
VmallocTotal:   34359738367 kB
VmallocUsed:      361892 kB
VmallocChunk:   34359372500 kB
HardwareCorrupted:     0 kB
AnonHugePages:         0 kB
HugePages_Total:       0
HugePages_Free:        0
HugePages_Rsvd:        0
HugePages_Surp:        0
Hugepagesize:       2048 kB
DirectMap4k:       59392 kB
DirectMap2M:     8220672 kB


CPU:total 4 (2 cores per cpu, 2 threads per core) family 6 model 58 stepping 9, cmov, cx8, fxsr, mmx, sse, sse2, sse3, ssse3, sse4.1, sse4.2, popcnt, ht

Memory: 4k page, physical 8048216k(329624k free), swap 8256508k(8249816k free)

vm_info: OpenJDK 64-Bit Server VM (20.0-b12) for linux-amd64 JRE (1.6.0_27-b27), built on Jul 17 2013 13:53:24 by "buildd" with gcc 4.6.3

time: Wed Nov 20 16:53:17 2013
elapsed time: 0 seconds

